<?xml version="1.0" encoding="UTF-8" ?>
<testsuites name="vitest tests" tests="1134" failures="1" errors="0" time="20.7517645">
    <testsuite name="src/index.test.ts" timestamp="2025-07-31T16:52:10.309Z" hostname="Involvex" tests="1" failures="0" errors="0" skipped="0" time="0.0050589">
        <testcase classname="src/index.test.ts" name="placeholder tests &gt; should pass" time="0.0025401">
        </testcase>
    </testsuite>
    <testsuite name="src/config/config.test.ts" timestamp="2025-07-31T16:52:10.312Z" hostname="Involvex" tests="22" failures="0" errors="0" skipped="0" time="0.3243461">
        <testcase classname="src/config/config.test.ts" name="Server Config (config.ts) &gt; initialize &gt; should throw an error if checkpointing is enabled and GitService fails" time="0.1018455">
        </testcase>
        <testcase classname="src/config/config.test.ts" name="Server Config (config.ts) &gt; initialize &gt; should not throw an error if checkpointing is disabled and GitService fails" time="0.0130537">
            <system-err>
All tools temporarily disabled due to API compatibility issues

            </system-err>
        </testcase>
        <testcase classname="src/config/config.test.ts" name="Server Config (config.ts) &gt; refreshAuth &gt; should refresh auth and update config" time="0.0186719">
        </testcase>
        <testcase classname="src/config/config.test.ts" name="Server Config (config.ts) &gt; Config constructor should store userMemory correctly" time="0.0043636">
        </testcase>
        <testcase classname="src/config/config.test.ts" name="Server Config (config.ts) &gt; Config constructor should default userMemory to empty string if not provided" time="0.0490512">
        </testcase>
        <testcase classname="src/config/config.test.ts" name="Server Config (config.ts) &gt; Config constructor should call setGeminiMdFilename with contextFileName if provided" time="0.0021774">
        </testcase>
        <testcase classname="src/config/config.test.ts" name="Server Config (config.ts) &gt; Config constructor should not call setGeminiMdFilename if contextFileName is not provided" time="0.0242046">
        </testcase>
        <testcase classname="src/config/config.test.ts" name="Server Config (config.ts) &gt; should set default file filtering settings when not provided" time="0.0026519">
        </testcase>
        <testcase classname="src/config/config.test.ts" name="Server Config (config.ts) &gt; should set custom file filtering settings when provided" time="0.0061152">
        </testcase>
        <testcase classname="src/config/config.test.ts" name="Server Config (config.ts) &gt; should initialize WorkspaceContext with includeDirectories" time="0.0029634">
        </testcase>
        <testcase classname="src/config/config.test.ts" name="Server Config (config.ts) &gt; Config constructor should set telemetry to true when provided as true" time="0.002108">
        </testcase>
        <testcase classname="src/config/config.test.ts" name="Server Config (config.ts) &gt; Config constructor should set telemetry to false when provided as false" time="0.0023764">
        </testcase>
        <testcase classname="src/config/config.test.ts" name="Server Config (config.ts) &gt; Config constructor should default telemetry to default value if not provided" time="0.0208993">
        </testcase>
        <testcase classname="src/config/config.test.ts" name="Server Config (config.ts) &gt; should have a getFileService method that returns FileDiscoveryService" time="0.0185833">
        </testcase>
        <testcase classname="src/config/config.test.ts" name="Server Config (config.ts) &gt; Telemetry Settings &gt; should return default telemetry target if not provided" time="0.0026095">
        </testcase>
        <testcase classname="src/config/config.test.ts" name="Server Config (config.ts) &gt; Telemetry Settings &gt; should return provided OTLP endpoint" time="0.0176801">
        </testcase>
        <testcase classname="src/config/config.test.ts" name="Server Config (config.ts) &gt; Telemetry Settings &gt; should return default OTLP endpoint if not provided" time="0.0091878">
        </testcase>
        <testcase classname="src/config/config.test.ts" name="Server Config (config.ts) &gt; Telemetry Settings &gt; should return provided logPrompts setting" time="0.0103507">
        </testcase>
        <testcase classname="src/config/config.test.ts" name="Server Config (config.ts) &gt; Telemetry Settings &gt; should return default logPrompts setting (true) if not provided" time="0.0034188">
        </testcase>
        <testcase classname="src/config/config.test.ts" name="Server Config (config.ts) &gt; Telemetry Settings &gt; should return default logPrompts setting (true) if telemetry object is not provided" time="0.001934">
        </testcase>
        <testcase classname="src/config/config.test.ts" name="Server Config (config.ts) &gt; Telemetry Settings &gt; should return default telemetry target if telemetry object is not provided" time="0.0024181">
        </testcase>
        <testcase classname="src/config/config.test.ts" name="Server Config (config.ts) &gt; Telemetry Settings &gt; should return default OTLP endpoint if telemetry object is not provided" time="0.0015531">
        </testcase>
    </testsuite>
    <testsuite name="src/config/flashFallback.test.ts" timestamp="2025-07-31T16:52:10.317Z" hostname="Involvex" tests="6" failures="0" errors="0" skipped="0" time="0.1351861">
        <testcase classname="src/config/flashFallback.test.ts" name="Flash Model Fallback Configuration &gt; setModel &gt; should only mark as switched if contentGeneratorConfig exists" time="0.0875838">
            <system-out>
Error reading cached Google Account: TypeError: Cannot read properties of undefined (reading &apos;trim&apos;)
    at getCachedGoogleAccount [90m(D:\repos\gemini-cli\packages\core\[39msrc\utils\user_account.ts:62:53[90m)[39m
    at ClearcutLogger.createLogEvent [90m(D:\repos\gemini-cli\packages\core\[39msrc\telemetry\clearcut-logger\clearcut-logger.ts:84:19[90m)[39m
    at ClearcutLogger.logStartSessionEvent [90m(D:\repos\gemini-cli\packages\core\[39msrc\telemetry\clearcut-logger\clearcut-logger.ts:309:31[90m)[39m
    at new Config [90m(D:\repos\gemini-cli\packages\core\[39msrc\config\config.ts:320:41[90m)[39m
    at [90mD:\repos\gemini-cli\packages\core\[39msrc\config\flashFallback.test.ts:23:14
    at file:///D:/repos/gemini-cli/node_modules/[4m@vitest[24m/runner/dist/chunk-hooks.js:155:11
    at file:///D:/repos/gemini-cli/node_modules/[4m@vitest[24m/runner/dist/chunk-hooks.js:1897:20
    at new Promise (&lt;anonymous&gt;)
    at runWithTimeout (file:///D:/repos/gemini-cli/node_modules/[4m@vitest[24m/runner/dist/chunk-hooks.js:1863:10)
    at runHook (file:///D:/repos/gemini-cli/node_modules/[4m@vitest[24m/runner/dist/chunk-hooks.js:1436:51)
Error reading lifetime Google Accounts: TypeError: Cannot read properties of undefined (reading &apos;trim&apos;)
    at getLifetimeGoogleAccounts [90m(D:\repos\gemini-cli\packages\core\[39msrc\utils\user_account.ts:83:51[90m)[39m
    at ClearcutLogger.createLogEvent [90m(D:\repos\gemini-cli\packages\core\[39msrc\telemetry\clearcut-logger\clearcut-logger.ts:85:27[90m)[39m
    at ClearcutLogger.logStartSessionEvent [90m(D:\repos\gemini-cli\packages\core\[39msrc\telemetry\clearcut-logger\clearcut-logger.ts:309:31[90m)[39m
    at new Config [90m(D:\repos\gemini-cli\packages\core\[39msrc\config\config.ts:320:41[90m)[39m
    at [90mD:\repos\gemini-cli\packages\core\[39msrc\config\flashFallback.test.ts:23:14
    at file:///D:/repos/gemini-cli/node_modules/[4m@vitest[24m/runner/dist/chunk-hooks.js:155:11
    at file:///D:/repos/gemini-cli/node_modules/[4m@vitest[24m/runner/dist/chunk-hooks.js:1897:20
    at new Promise (&lt;anonymous&gt;)
    at runWithTimeout (file:///D:/repos/gemini-cli/node_modules/[4m@vitest[24m/runner/dist/chunk-hooks.js:1863:10)
    at runHook (file:///D:/repos/gemini-cli/node_modules/[4m@vitest[24m/runner/dist/chunk-hooks.js:1436:51)

Error reading cached Google Account: TypeError: Cannot read properties of undefined (reading &apos;trim&apos;)
    at getCachedGoogleAccount [90m(D:\repos\gemini-cli\packages\core\[39msrc\utils\user_account.ts:62:53[90m)[39m
    at ClearcutLogger.createLogEvent [90m(D:\repos\gemini-cli\packages\core\[39msrc\telemetry\clearcut-logger\clearcut-logger.ts:84:19[90m)[39m
    at ClearcutLogger.logStartSessionEvent [90m(D:\repos\gemini-cli\packages\core\[39msrc\telemetry\clearcut-logger\clearcut-logger.ts:309:31[90m)[39m
    at new Config [90m(D:\repos\gemini-cli\packages\core\[39msrc\config\config.ts:320:41[90m)[39m
    at [90mD:\repos\gemini-cli\packages\core\[39msrc\config\flashFallback.test.ts:48:25
    at file:///D:/repos/gemini-cli/node_modules/[4m@vitest[24m/runner/dist/chunk-hooks.js:155:11
    at file:///D:/repos/gemini-cli/node_modules/[4m@vitest[24m/runner/dist/chunk-hooks.js:752:26
    at file:///D:/repos/gemini-cli/node_modules/[4m@vitest[24m/runner/dist/chunk-hooks.js:1897:20
    at new Promise (&lt;anonymous&gt;)
    at runWithTimeout (file:///D:/repos/gemini-cli/node_modules/[4m@vitest[24m/runner/dist/chunk-hooks.js:1863:10)
Error reading lifetime Google Accounts: TypeError: Cannot read properties of undefined (reading &apos;trim&apos;)
    at getLifetimeGoogleAccounts [90m(D:\repos\gemini-cli\packages\core\[39msrc\utils\user_account.ts:83:51[90m)[39m
    at ClearcutLogger.createLogEvent [90m(D:\repos\gemini-cli\packages\core\[39msrc\telemetry\clearcut-logger\clearcut-logger.ts:85:27[90m)[39m
    at ClearcutLogger.logStartSessionEvent [90m(D:\repos\gemini-cli\packages\core\[39msrc\telemetry\clearcut-logger\clearcut-logger.ts:309:31[90m)[39m
    at new Config [90m(D:\repos\gemini-cli\packages\core\[39msrc\config\config.ts:320:41[90m)[39m
    at [90mD:\repos\gemini-cli\packages\core\[39msrc\config\flashFallback.test.ts:48:25
    at file:///D:/repos/gemini-cli/node_modules/[4m@vitest[24m/runner/dist/chunk-hooks.js:155:11
    at file:///D:/repos/gemini-cli/node_modules/[4m@vitest[24m/runner/dist/chunk-hooks.js:752:26
    at file:///D:/repos/gemini-cli/node_modules/[4m@vitest[24m/runner/dist/chunk-hooks.js:1897:20
    at new Promise (&lt;anonymous&gt;)
    at runWithTimeout (file:///D:/repos/gemini-cli/node_modules/[4m@vitest[24m/runner/dist/chunk-hooks.js:1863:10)

            </system-out>
            <system-err>
Error accessing installation ID file, generating ephemeral ID: TypeError: Cannot read properties of undefined (reading &apos;trim&apos;)
    at readInstallationIdFromFile [90m(D:\repos\gemini-cli\packages\core\[39msrc\utils\user_id.ts:25:71[90m)[39m
    at getInstallationId [90m(D:\repos\gemini-cli\packages\core\[39msrc\utils\user_id.ts:43:26[90m)[39m
    at ClearcutLogger.createLogEvent [90m(D:\repos\gemini-cli\packages\core\[39msrc\telemetry\clearcut-logger\clearcut-logger.ts:103:36[90m)[39m
    at ClearcutLogger.logStartSessionEvent [90m(D:\repos\gemini-cli\packages\core\[39msrc\telemetry\clearcut-logger\clearcut-logger.ts:309:31[90m)[39m
    at new Config [90m(D:\repos\gemini-cli\packages\core\[39msrc\config\config.ts:320:41[90m)[39m
    at [90mD:\repos\gemini-cli\packages\core\[39msrc\config\flashFallback.test.ts:23:14
    at file:///D:/repos/gemini-cli/node_modules/[4m@vitest[24m/runner/dist/chunk-hooks.js:155:11
    at file:///D:/repos/gemini-cli/node_modules/[4m@vitest[24m/runner/dist/chunk-hooks.js:1897:20
    at new Promise (&lt;anonymous&gt;)
    at runWithTimeout (file:///D:/repos/gemini-cli/node_modules/[4m@vitest[24m/runner/dist/chunk-hooks.js:1863:10)

Error accessing installation ID file, generating ephemeral ID: TypeError: Cannot read properties of undefined (reading &apos;trim&apos;)
    at readInstallationIdFromFile [90m(D:\repos\gemini-cli\packages\core\[39msrc\utils\user_id.ts:25:71[90m)[39m
    at getInstallationId [90m(D:\repos\gemini-cli\packages\core\[39msrc\utils\user_id.ts:43:26[90m)[39m
    at ClearcutLogger.createLogEvent [90m(D:\repos\gemini-cli\packages\core\[39msrc\telemetry\clearcut-logger\clearcut-logger.ts:103:36[90m)[39m
    at ClearcutLogger.logStartSessionEvent [90m(D:\repos\gemini-cli\packages\core\[39msrc\telemetry\clearcut-logger\clearcut-logger.ts:309:31[90m)[39m
    at new Config [90m(D:\repos\gemini-cli\packages\core\[39msrc\config\config.ts:320:41[90m)[39m
    at [90mD:\repos\gemini-cli\packages\core\[39msrc\config\flashFallback.test.ts:48:25
    at file:///D:/repos/gemini-cli/node_modules/[4m@vitest[24m/runner/dist/chunk-hooks.js:155:11
    at file:///D:/repos/gemini-cli/node_modules/[4m@vitest[24m/runner/dist/chunk-hooks.js:752:26
    at file:///D:/repos/gemini-cli/node_modules/[4m@vitest[24m/runner/dist/chunk-hooks.js:1897:20
    at new Promise (&lt;anonymous&gt;)

            </system-err>
        </testcase>
        <testcase classname="src/config/flashFallback.test.ts" name="Flash Model Fallback Configuration &gt; getModel &gt; should return contentGeneratorConfig model if available" time="0.0040858">
            <system-out>
Error reading cached Google Account: TypeError: Cannot read properties of undefined (reading &apos;trim&apos;)
    at getCachedGoogleAccount [90m(D:\repos\gemini-cli\packages\core\[39msrc\utils\user_account.ts:62:53[90m)[39m
    at ClearcutLogger.createLogEvent [90m(D:\repos\gemini-cli\packages\core\[39msrc\telemetry\clearcut-logger\clearcut-logger.ts:84:19[90m)[39m
    at ClearcutLogger.logStartSessionEvent [90m(D:\repos\gemini-cli\packages\core\[39msrc\telemetry\clearcut-logger\clearcut-logger.ts:309:31[90m)[39m
    at new Config [90m(D:\repos\gemini-cli\packages\core\[39msrc\config\config.ts:320:41[90m)[39m
    at [90mD:\repos\gemini-cli\packages\core\[39msrc\config\flashFallback.test.ts:23:14
    at file:///D:/repos/gemini-cli/node_modules/[4m@vitest[24m/runner/dist/chunk-hooks.js:155:11
    at file:///D:/repos/gemini-cli/node_modules/[4m@vitest[24m/runner/dist/chunk-hooks.js:1897:20
    at new Promise (&lt;anonymous&gt;)
    at runWithTimeout (file:///D:/repos/gemini-cli/node_modules/[4m@vitest[24m/runner/dist/chunk-hooks.js:1863:10)
    at runHook (file:///D:/repos/gemini-cli/node_modules/[4m@vitest[24m/runner/dist/chunk-hooks.js:1436:51)
Error reading lifetime Google Accounts: TypeError: Cannot read properties of undefined (reading &apos;trim&apos;)
    at getLifetimeGoogleAccounts [90m(D:\repos\gemini-cli\packages\core\[39msrc\utils\user_account.ts:83:51[90m)[39m
    at ClearcutLogger.createLogEvent [90m(D:\repos\gemini-cli\packages\core\[39msrc\telemetry\clearcut-logger\clearcut-logger.ts:85:27[90m)[39m
    at ClearcutLogger.logStartSessionEvent [90m(D:\repos\gemini-cli\packages\core\[39msrc\telemetry\clearcut-logger\clearcut-logger.ts:309:31[90m)[39m
    at new Config [90m(D:\repos\gemini-cli\packages\core\[39msrc\config\config.ts:320:41[90m)[39m
    at [90mD:\repos\gemini-cli\packages\core\[39msrc\config\flashFallback.test.ts:23:14
    at file:///D:/repos/gemini-cli/node_modules/[4m@vitest[24m/runner/dist/chunk-hooks.js:155:11
    at file:///D:/repos/gemini-cli/node_modules/[4m@vitest[24m/runner/dist/chunk-hooks.js:1897:20
    at new Promise (&lt;anonymous&gt;)
    at runWithTimeout (file:///D:/repos/gemini-cli/node_modules/[4m@vitest[24m/runner/dist/chunk-hooks.js:1863:10)
    at runHook (file:///D:/repos/gemini-cli/node_modules/[4m@vitest[24m/runner/dist/chunk-hooks.js:1436:51)

            </system-out>
            <system-err>
Error accessing installation ID file, generating ephemeral ID: TypeError: Cannot read properties of undefined (reading &apos;trim&apos;)
    at readInstallationIdFromFile [90m(D:\repos\gemini-cli\packages\core\[39msrc\utils\user_id.ts:25:71[90m)[39m
    at getInstallationId [90m(D:\repos\gemini-cli\packages\core\[39msrc\utils\user_id.ts:43:26[90m)[39m
    at ClearcutLogger.createLogEvent [90m(D:\repos\gemini-cli\packages\core\[39msrc\telemetry\clearcut-logger\clearcut-logger.ts:103:36[90m)[39m
    at ClearcutLogger.logStartSessionEvent [90m(D:\repos\gemini-cli\packages\core\[39msrc\telemetry\clearcut-logger\clearcut-logger.ts:309:31[90m)[39m
    at new Config [90m(D:\repos\gemini-cli\packages\core\[39msrc\config\config.ts:320:41[90m)[39m
    at [90mD:\repos\gemini-cli\packages\core\[39msrc\config\flashFallback.test.ts:23:14
    at file:///D:/repos/gemini-cli/node_modules/[4m@vitest[24m/runner/dist/chunk-hooks.js:155:11
    at file:///D:/repos/gemini-cli/node_modules/[4m@vitest[24m/runner/dist/chunk-hooks.js:1897:20
    at new Promise (&lt;anonymous&gt;)
    at runWithTimeout (file:///D:/repos/gemini-cli/node_modules/[4m@vitest[24m/runner/dist/chunk-hooks.js:1863:10)

            </system-err>
        </testcase>
        <testcase classname="src/config/flashFallback.test.ts" name="Flash Model Fallback Configuration &gt; getModel &gt; should fall back to initial model if contentGeneratorConfig is not available" time="0.0083814">
            <system-out>
Error reading cached Google Account: TypeError: Cannot read properties of undefined (reading &apos;trim&apos;)
    at getCachedGoogleAccount [90m(D:\repos\gemini-cli\packages\core\[39msrc\utils\user_account.ts:62:53[90m)[39m
    at ClearcutLogger.createLogEvent [90m(D:\repos\gemini-cli\packages\core\[39msrc\telemetry\clearcut-logger\clearcut-logger.ts:84:19[90m)[39m
    at ClearcutLogger.logStartSessionEvent [90m(D:\repos\gemini-cli\packages\core\[39msrc\telemetry\clearcut-logger\clearcut-logger.ts:309:31[90m)[39m
    at new Config [90m(D:\repos\gemini-cli\packages\core\[39msrc\config\config.ts:320:41[90m)[39m
    at [90mD:\repos\gemini-cli\packages\core\[39msrc\config\flashFallback.test.ts:23:14
    at file:///D:/repos/gemini-cli/node_modules/[4m@vitest[24m/runner/dist/chunk-hooks.js:155:11
    at file:///D:/repos/gemini-cli/node_modules/[4m@vitest[24m/runner/dist/chunk-hooks.js:1897:20
    at new Promise (&lt;anonymous&gt;)
    at runWithTimeout (file:///D:/repos/gemini-cli/node_modules/[4m@vitest[24m/runner/dist/chunk-hooks.js:1863:10)
    at runHook (file:///D:/repos/gemini-cli/node_modules/[4m@vitest[24m/runner/dist/chunk-hooks.js:1436:51)
Error reading lifetime Google Accounts: TypeError: Cannot read properties of undefined (reading &apos;trim&apos;)
    at getLifetimeGoogleAccounts [90m(D:\repos\gemini-cli\packages\core\[39msrc\utils\user_account.ts:83:51[90m)[39m
    at ClearcutLogger.createLogEvent [90m(D:\repos\gemini-cli\packages\core\[39msrc\telemetry\clearcut-logger\clearcut-logger.ts:85:27[90m)[39m
    at ClearcutLogger.logStartSessionEvent [90m(D:\repos\gemini-cli\packages\core\[39msrc\telemetry\clearcut-logger\clearcut-logger.ts:309:31[90m)[39m
    at new Config [90m(D:\repos\gemini-cli\packages\core\[39msrc\config\config.ts:320:41[90m)[39m
    at [90mD:\repos\gemini-cli\packages\core\[39msrc\config\flashFallback.test.ts:23:14
    at file:///D:/repos/gemini-cli/node_modules/[4m@vitest[24m/runner/dist/chunk-hooks.js:155:11
    at file:///D:/repos/gemini-cli/node_modules/[4m@vitest[24m/runner/dist/chunk-hooks.js:1897:20
    at new Promise (&lt;anonymous&gt;)
    at runWithTimeout (file:///D:/repos/gemini-cli/node_modules/[4m@vitest[24m/runner/dist/chunk-hooks.js:1863:10)
    at runHook (file:///D:/repos/gemini-cli/node_modules/[4m@vitest[24m/runner/dist/chunk-hooks.js:1436:51)

Error reading cached Google Account: TypeError: Cannot read properties of undefined (reading &apos;trim&apos;)
    at getCachedGoogleAccount [90m(D:\repos\gemini-cli\packages\core\[39msrc\utils\user_account.ts:62:53[90m)[39m
    at ClearcutLogger.createLogEvent [90m(D:\repos\gemini-cli\packages\core\[39msrc\telemetry\clearcut-logger\clearcut-logger.ts:84:19[90m)[39m
    at ClearcutLogger.logStartSessionEvent [90m(D:\repos\gemini-cli\packages\core\[39msrc\telemetry\clearcut-logger\clearcut-logger.ts:309:31[90m)[39m
    at new Config [90m(D:\repos\gemini-cli\packages\core\[39msrc\config\config.ts:320:41[90m)[39m
    at [90mD:\repos\gemini-cli\packages\core\[39msrc\config\flashFallback.test.ts:72:25
    at file:///D:/repos/gemini-cli/node_modules/[4m@vitest[24m/runner/dist/chunk-hooks.js:155:11
    at file:///D:/repos/gemini-cli/node_modules/[4m@vitest[24m/runner/dist/chunk-hooks.js:752:26
    at file:///D:/repos/gemini-cli/node_modules/[4m@vitest[24m/runner/dist/chunk-hooks.js:1897:20
    at new Promise (&lt;anonymous&gt;)
    at runWithTimeout (file:///D:/repos/gemini-cli/node_modules/[4m@vitest[24m/runner/dist/chunk-hooks.js:1863:10)
Error reading lifetime Google Accounts: TypeError: Cannot read properties of undefined (reading &apos;trim&apos;)
    at getLifetimeGoogleAccounts [90m(D:\repos\gemini-cli\packages\core\[39msrc\utils\user_account.ts:83:51[90m)[39m
    at ClearcutLogger.createLogEvent [90m(D:\repos\gemini-cli\packages\core\[39msrc\telemetry\clearcut-logger\clearcut-logger.ts:85:27[90m)[39m
    at ClearcutLogger.logStartSessionEvent [90m(D:\repos\gemini-cli\packages\core\[39msrc\telemetry\clearcut-logger\clearcut-logger.ts:309:31[90m)[39m
    at new Config [90m(D:\repos\gemini-cli\packages\core\[39msrc\config\config.ts:320:41[90m)[39m
    at [90mD:\repos\gemini-cli\packages\core\[39msrc\config\flashFallback.test.ts:72:25
    at file:///D:/repos/gemini-cli/node_modules/[4m@vitest[24m/runner/dist/chunk-hooks.js:155:11
    at file:///D:/repos/gemini-cli/node_modules/[4m@vitest[24m/runner/dist/chunk-hooks.js:752:26
    at file:///D:/repos/gemini-cli/node_modules/[4m@vitest[24m/runner/dist/chunk-hooks.js:1897:20
    at new Promise (&lt;anonymous&gt;)
    at runWithTimeout (file:///D:/repos/gemini-cli/node_modules/[4m@vitest[24m/runner/dist/chunk-hooks.js:1863:10)

            </system-out>
            <system-err>
Error accessing installation ID file, generating ephemeral ID: TypeError: Cannot read properties of undefined (reading &apos;trim&apos;)
    at readInstallationIdFromFile [90m(D:\repos\gemini-cli\packages\core\[39msrc\utils\user_id.ts:25:71[90m)[39m
    at getInstallationId [90m(D:\repos\gemini-cli\packages\core\[39msrc\utils\user_id.ts:43:26[90m)[39m
    at ClearcutLogger.createLogEvent [90m(D:\repos\gemini-cli\packages\core\[39msrc\telemetry\clearcut-logger\clearcut-logger.ts:103:36[90m)[39m
    at ClearcutLogger.logStartSessionEvent [90m(D:\repos\gemini-cli\packages\core\[39msrc\telemetry\clearcut-logger\clearcut-logger.ts:309:31[90m)[39m
    at new Config [90m(D:\repos\gemini-cli\packages\core\[39msrc\config\config.ts:320:41[90m)[39m
    at [90mD:\repos\gemini-cli\packages\core\[39msrc\config\flashFallback.test.ts:23:14
    at file:///D:/repos/gemini-cli/node_modules/[4m@vitest[24m/runner/dist/chunk-hooks.js:155:11
    at file:///D:/repos/gemini-cli/node_modules/[4m@vitest[24m/runner/dist/chunk-hooks.js:1897:20
    at new Promise (&lt;anonymous&gt;)
    at runWithTimeout (file:///D:/repos/gemini-cli/node_modules/[4m@vitest[24m/runner/dist/chunk-hooks.js:1863:10)

Error accessing installation ID file, generating ephemeral ID: TypeError: Cannot read properties of undefined (reading &apos;trim&apos;)
    at readInstallationIdFromFile [90m(D:\repos\gemini-cli\packages\core\[39msrc\utils\user_id.ts:25:71[90m)[39m
    at getInstallationId [90m(D:\repos\gemini-cli\packages\core\[39msrc\utils\user_id.ts:43:26[90m)[39m
    at ClearcutLogger.createLogEvent [90m(D:\repos\gemini-cli\packages\core\[39msrc\telemetry\clearcut-logger\clearcut-logger.ts:103:36[90m)[39m
    at ClearcutLogger.logStartSessionEvent [90m(D:\repos\gemini-cli\packages\core\[39msrc\telemetry\clearcut-logger\clearcut-logger.ts:309:31[90m)[39m
    at new Config [90m(D:\repos\gemini-cli\packages\core\[39msrc\config\config.ts:320:41[90m)[39m
    at [90mD:\repos\gemini-cli\packages\core\[39msrc\config\flashFallback.test.ts:72:25
    at file:///D:/repos/gemini-cli/node_modules/[4m@vitest[24m/runner/dist/chunk-hooks.js:155:11
    at file:///D:/repos/gemini-cli/node_modules/[4m@vitest[24m/runner/dist/chunk-hooks.js:752:26
    at file:///D:/repos/gemini-cli/node_modules/[4m@vitest[24m/runner/dist/chunk-hooks.js:1897:20
    at new Promise (&lt;anonymous&gt;)

            </system-err>
        </testcase>
        <testcase classname="src/config/flashFallback.test.ts" name="Flash Model Fallback Configuration &gt; isInFallbackMode &gt; should start as false for new session" time="0.0036828">
            <system-out>
Error reading cached Google Account: TypeError: Cannot read properties of undefined (reading &apos;trim&apos;)
    at getCachedGoogleAccount [90m(D:\repos\gemini-cli\packages\core\[39msrc\utils\user_account.ts:62:53[90m)[39m
    at ClearcutLogger.createLogEvent [90m(D:\repos\gemini-cli\packages\core\[39msrc\telemetry\clearcut-logger\clearcut-logger.ts:84:19[90m)[39m
    at ClearcutLogger.logStartSessionEvent [90m(D:\repos\gemini-cli\packages\core\[39msrc\telemetry\clearcut-logger\clearcut-logger.ts:309:31[90m)[39m
    at new Config [90m(D:\repos\gemini-cli\packages\core\[39msrc\config\config.ts:320:41[90m)[39m
    at [90mD:\repos\gemini-cli\packages\core\[39msrc\config\flashFallback.test.ts:23:14
    at file:///D:/repos/gemini-cli/node_modules/[4m@vitest[24m/runner/dist/chunk-hooks.js:155:11
    at file:///D:/repos/gemini-cli/node_modules/[4m@vitest[24m/runner/dist/chunk-hooks.js:1897:20
    at new Promise (&lt;anonymous&gt;)
    at runWithTimeout (file:///D:/repos/gemini-cli/node_modules/[4m@vitest[24m/runner/dist/chunk-hooks.js:1863:10)
    at runHook (file:///D:/repos/gemini-cli/node_modules/[4m@vitest[24m/runner/dist/chunk-hooks.js:1436:51)
Error reading lifetime Google Accounts: TypeError: Cannot read properties of undefined (reading &apos;trim&apos;)
    at getLifetimeGoogleAccounts [90m(D:\repos\gemini-cli\packages\core\[39msrc\utils\user_account.ts:83:51[90m)[39m
    at ClearcutLogger.createLogEvent [90m(D:\repos\gemini-cli\packages\core\[39msrc\telemetry\clearcut-logger\clearcut-logger.ts:85:27[90m)[39m
    at ClearcutLogger.logStartSessionEvent [90m(D:\repos\gemini-cli\packages\core\[39msrc\telemetry\clearcut-logger\clearcut-logger.ts:309:31[90m)[39m
    at new Config [90m(D:\repos\gemini-cli\packages\core\[39msrc\config\config.ts:320:41[90m)[39m
    at [90mD:\repos\gemini-cli\packages\core\[39msrc\config\flashFallback.test.ts:23:14
    at file:///D:/repos/gemini-cli/node_modules/[4m@vitest[24m/runner/dist/chunk-hooks.js:155:11
    at file:///D:/repos/gemini-cli/node_modules/[4m@vitest[24m/runner/dist/chunk-hooks.js:1897:20
    at new Promise (&lt;anonymous&gt;)
    at runWithTimeout (file:///D:/repos/gemini-cli/node_modules/[4m@vitest[24m/runner/dist/chunk-hooks.js:1863:10)
    at runHook (file:///D:/repos/gemini-cli/node_modules/[4m@vitest[24m/runner/dist/chunk-hooks.js:1436:51)

            </system-out>
            <system-err>
Error accessing installation ID file, generating ephemeral ID: TypeError: Cannot read properties of undefined (reading &apos;trim&apos;)
    at readInstallationIdFromFile [90m(D:\repos\gemini-cli\packages\core\[39msrc\utils\user_id.ts:25:71[90m)[39m
    at getInstallationId [90m(D:\repos\gemini-cli\packages\core\[39msrc\utils\user_id.ts:43:26[90m)[39m
    at ClearcutLogger.createLogEvent [90m(D:\repos\gemini-cli\packages\core\[39msrc\telemetry\clearcut-logger\clearcut-logger.ts:103:36[90m)[39m
    at ClearcutLogger.logStartSessionEvent [90m(D:\repos\gemini-cli\packages\core\[39msrc\telemetry\clearcut-logger\clearcut-logger.ts:309:31[90m)[39m
    at new Config [90m(D:\repos\gemini-cli\packages\core\[39msrc\config\config.ts:320:41[90m)[39m
    at [90mD:\repos\gemini-cli\packages\core\[39msrc\config\flashFallback.test.ts:23:14
    at file:///D:/repos/gemini-cli/node_modules/[4m@vitest[24m/runner/dist/chunk-hooks.js:155:11
    at file:///D:/repos/gemini-cli/node_modules/[4m@vitest[24m/runner/dist/chunk-hooks.js:1897:20
    at new Promise (&lt;anonymous&gt;)
    at runWithTimeout (file:///D:/repos/gemini-cli/node_modules/[4m@vitest[24m/runner/dist/chunk-hooks.js:1863:10)

            </system-err>
        </testcase>
        <testcase classname="src/config/flashFallback.test.ts" name="Flash Model Fallback Configuration &gt; isInFallbackMode &gt; should remain false if no model switch occurs" time="0.0029154">
            <system-out>
Error reading cached Google Account: TypeError: Cannot read properties of undefined (reading &apos;trim&apos;)
    at getCachedGoogleAccount [90m(D:\repos\gemini-cli\packages\core\[39msrc\utils\user_account.ts:62:53[90m)[39m
    at ClearcutLogger.createLogEvent [90m(D:\repos\gemini-cli\packages\core\[39msrc\telemetry\clearcut-logger\clearcut-logger.ts:84:19[90m)[39m
    at ClearcutLogger.logStartSessionEvent [90m(D:\repos\gemini-cli\packages\core\[39msrc\telemetry\clearcut-logger\clearcut-logger.ts:309:31[90m)[39m
    at new Config [90m(D:\repos\gemini-cli\packages\core\[39msrc\config\config.ts:320:41[90m)[39m
    at [90mD:\repos\gemini-cli\packages\core\[39msrc\config\flashFallback.test.ts:23:14
    at file:///D:/repos/gemini-cli/node_modules/[4m@vitest[24m/runner/dist/chunk-hooks.js:155:11
    at file:///D:/repos/gemini-cli/node_modules/[4m@vitest[24m/runner/dist/chunk-hooks.js:1897:20
    at new Promise (&lt;anonymous&gt;)
    at runWithTimeout (file:///D:/repos/gemini-cli/node_modules/[4m@vitest[24m/runner/dist/chunk-hooks.js:1863:10)
    at runHook (file:///D:/repos/gemini-cli/node_modules/[4m@vitest[24m/runner/dist/chunk-hooks.js:1436:51)
Error reading lifetime Google Accounts: TypeError: Cannot read properties of undefined (reading &apos;trim&apos;)
    at getLifetimeGoogleAccounts [90m(D:\repos\gemini-cli\packages\core\[39msrc\utils\user_account.ts:83:51[90m)[39m
    at ClearcutLogger.createLogEvent [90m(D:\repos\gemini-cli\packages\core\[39msrc\telemetry\clearcut-logger\clearcut-logger.ts:85:27[90m)[39m
    at ClearcutLogger.logStartSessionEvent [90m(D:\repos\gemini-cli\packages\core\[39msrc\telemetry\clearcut-logger\clearcut-logger.ts:309:31[90m)[39m
    at new Config [90m(D:\repos\gemini-cli\packages\core\[39msrc\config\config.ts:320:41[90m)[39m
    at [90mD:\repos\gemini-cli\packages\core\[39msrc\config\flashFallback.test.ts:23:14
    at file:///D:/repos/gemini-cli/node_modules/[4m@vitest[24m/runner/dist/chunk-hooks.js:155:11
    at file:///D:/repos/gemini-cli/node_modules/[4m@vitest[24m/runner/dist/chunk-hooks.js:1897:20
    at new Promise (&lt;anonymous&gt;)
    at runWithTimeout (file:///D:/repos/gemini-cli/node_modules/[4m@vitest[24m/runner/dist/chunk-hooks.js:1863:10)
    at runHook (file:///D:/repos/gemini-cli/node_modules/[4m@vitest[24m/runner/dist/chunk-hooks.js:1436:51)

            </system-out>
            <system-err>
Error accessing installation ID file, generating ephemeral ID: TypeError: Cannot read properties of undefined (reading &apos;trim&apos;)
    at readInstallationIdFromFile [90m(D:\repos\gemini-cli\packages\core\[39msrc\utils\user_id.ts:25:71[90m)[39m
    at getInstallationId [90m(D:\repos\gemini-cli\packages\core\[39msrc\utils\user_id.ts:43:26[90m)[39m
    at ClearcutLogger.createLogEvent [90m(D:\repos\gemini-cli\packages\core\[39msrc\telemetry\clearcut-logger\clearcut-logger.ts:103:36[90m)[39m
    at ClearcutLogger.logStartSessionEvent [90m(D:\repos\gemini-cli\packages\core\[39msrc\telemetry\clearcut-logger\clearcut-logger.ts:309:31[90m)[39m
    at new Config [90m(D:\repos\gemini-cli\packages\core\[39msrc\config\config.ts:320:41[90m)[39m
    at [90mD:\repos\gemini-cli\packages\core\[39msrc\config\flashFallback.test.ts:23:14
    at file:///D:/repos/gemini-cli/node_modules/[4m@vitest[24m/runner/dist/chunk-hooks.js:155:11
    at file:///D:/repos/gemini-cli/node_modules/[4m@vitest[24m/runner/dist/chunk-hooks.js:1897:20
    at new Promise (&lt;anonymous&gt;)
    at runWithTimeout (file:///D:/repos/gemini-cli/node_modules/[4m@vitest[24m/runner/dist/chunk-hooks.js:1863:10)

            </system-err>
        </testcase>
        <testcase classname="src/config/flashFallback.test.ts" name="Flash Model Fallback Configuration &gt; isInFallbackMode &gt; should persist switched state throughout session" time="0.0253155">
            <system-out>
Error reading cached Google Account: TypeError: Cannot read properties of undefined (reading &apos;trim&apos;)
    at getCachedGoogleAccount [90m(D:\repos\gemini-cli\packages\core\[39msrc\utils\user_account.ts:62:53[90m)[39m
    at ClearcutLogger.createLogEvent [90m(D:\repos\gemini-cli\packages\core\[39msrc\telemetry\clearcut-logger\clearcut-logger.ts:84:19[90m)[39m
    at ClearcutLogger.logStartSessionEvent [90m(D:\repos\gemini-cli\packages\core\[39msrc\telemetry\clearcut-logger\clearcut-logger.ts:309:31[90m)[39m
    at new Config [90m(D:\repos\gemini-cli\packages\core\[39msrc\config\config.ts:320:41[90m)[39m
    at [90mD:\repos\gemini-cli\packages\core\[39msrc\config\flashFallback.test.ts:23:14
    at file:///D:/repos/gemini-cli/node_modules/[4m@vitest[24m/runner/dist/chunk-hooks.js:155:11
    at file:///D:/repos/gemini-cli/node_modules/[4m@vitest[24m/runner/dist/chunk-hooks.js:1897:20
    at new Promise (&lt;anonymous&gt;)
    at runWithTimeout (file:///D:/repos/gemini-cli/node_modules/[4m@vitest[24m/runner/dist/chunk-hooks.js:1863:10)
    at runHook (file:///D:/repos/gemini-cli/node_modules/[4m@vitest[24m/runner/dist/chunk-hooks.js:1436:51)
Error reading lifetime Google Accounts: TypeError: Cannot read properties of undefined (reading &apos;trim&apos;)
    at getLifetimeGoogleAccounts [90m(D:\repos\gemini-cli\packages\core\[39msrc\utils\user_account.ts:83:51[90m)[39m
    at ClearcutLogger.createLogEvent [90m(D:\repos\gemini-cli\packages\core\[39msrc\telemetry\clearcut-logger\clearcut-logger.ts:85:27[90m)[39m
    at ClearcutLogger.logStartSessionEvent [90m(D:\repos\gemini-cli\packages\core\[39msrc\telemetry\clearcut-logger\clearcut-logger.ts:309:31[90m)[39m
    at new Config [90m(D:\repos\gemini-cli\packages\core\[39msrc\config\config.ts:320:41[90m)[39m
    at [90mD:\repos\gemini-cli\packages\core\[39msrc\config\flashFallback.test.ts:23:14
    at file:///D:/repos/gemini-cli/node_modules/[4m@vitest[24m/runner/dist/chunk-hooks.js:155:11
    at file:///D:/repos/gemini-cli/node_modules/[4m@vitest[24m/runner/dist/chunk-hooks.js:1897:20
    at new Promise (&lt;anonymous&gt;)
    at runWithTimeout (file:///D:/repos/gemini-cli/node_modules/[4m@vitest[24m/runner/dist/chunk-hooks.js:1863:10)
    at runHook (file:///D:/repos/gemini-cli/node_modules/[4m@vitest[24m/runner/dist/chunk-hooks.js:1436:51)

            </system-out>
            <system-err>
Error accessing installation ID file, generating ephemeral ID: TypeError: Cannot read properties of undefined (reading &apos;trim&apos;)
    at readInstallationIdFromFile [90m(D:\repos\gemini-cli\packages\core\[39msrc\utils\user_id.ts:25:71[90m)[39m
    at getInstallationId [90m(D:\repos\gemini-cli\packages\core\[39msrc\utils\user_id.ts:43:26[90m)[39m
    at ClearcutLogger.createLogEvent [90m(D:\repos\gemini-cli\packages\core\[39msrc\telemetry\clearcut-logger\clearcut-logger.ts:103:36[90m)[39m
    at ClearcutLogger.logStartSessionEvent [90m(D:\repos\gemini-cli\packages\core\[39msrc\telemetry\clearcut-logger\clearcut-logger.ts:309:31[90m)[39m
    at new Config [90m(D:\repos\gemini-cli\packages\core\[39msrc\config\config.ts:320:41[90m)[39m
    at [90mD:\repos\gemini-cli\packages\core\[39msrc\config\flashFallback.test.ts:23:14
    at file:///D:/repos/gemini-cli/node_modules/[4m@vitest[24m/runner/dist/chunk-hooks.js:155:11
    at file:///D:/repos/gemini-cli/node_modules/[4m@vitest[24m/runner/dist/chunk-hooks.js:1897:20
    at new Promise (&lt;anonymous&gt;)
    at runWithTimeout (file:///D:/repos/gemini-cli/node_modules/[4m@vitest[24m/runner/dist/chunk-hooks.js:1863:10)

            </system-err>
        </testcase>
    </testsuite>
    <testsuite name="src/core/client.test.ts" timestamp="2025-07-31T16:52:10.320Z" hostname="Involvex" tests="35" failures="0" errors="0" skipped="0" time="0.8386159">
        <testcase classname="src/core/client.test.ts" name="findIndexAfterFraction &gt; should throw an error for non-positive numbers" time="0.0046987">
        </testcase>
        <testcase classname="src/core/client.test.ts" name="findIndexAfterFraction &gt; should throw an error for a fraction greater than or equal to 1" time="0.0004464">
        </testcase>
        <testcase classname="src/core/client.test.ts" name="findIndexAfterFraction &gt; should handle a fraction in the middle" time="0.0004551">
        </testcase>
        <testcase classname="src/core/client.test.ts" name="findIndexAfterFraction &gt; should handle a fraction that results in the last index" time="0.0001951">
        </testcase>
        <testcase classname="src/core/client.test.ts" name="findIndexAfterFraction &gt; should handle an empty history" time="0.0001629">
        </testcase>
        <testcase classname="src/core/client.test.ts" name="findIndexAfterFraction &gt; should handle a history with only one item" time="0.0001612">
        </testcase>
        <testcase classname="src/core/client.test.ts" name="findIndexAfterFraction &gt; should handle history with weird parts" time="0.0001984">
        </testcase>
        <testcase classname="src/core/client.test.ts" name="Gemini Client (client.ts) &gt; generateEmbedding &gt; should call embedContent with correct parameters and return embeddings" time="0.0442025">
        </testcase>
        <testcase classname="src/core/client.test.ts" name="Gemini Client (client.ts) &gt; generateEmbedding &gt; should return an empty array if an empty array is passed" time="0.0047291">
        </testcase>
        <testcase classname="src/core/client.test.ts" name="Gemini Client (client.ts) &gt; generateEmbedding &gt; should throw an error if API response has no embeddings array" time="0.0091377">
        </testcase>
        <testcase classname="src/core/client.test.ts" name="Gemini Client (client.ts) &gt; generateEmbedding &gt; should throw an error if API response has an empty embeddings array" time="0.0090681">
        </testcase>
        <testcase classname="src/core/client.test.ts" name="Gemini Client (client.ts) &gt; generateEmbedding &gt; should throw an error if API returns a mismatched number of embeddings" time="0.013255">
        </testcase>
        <testcase classname="src/core/client.test.ts" name="Gemini Client (client.ts) &gt; generateEmbedding &gt; should throw an error if any embedding has nullish values" time="0.0067151">
        </testcase>
        <testcase classname="src/core/client.test.ts" name="Gemini Client (client.ts) &gt; generateEmbedding &gt; should throw an error if any embedding has an empty values array" time="0.0083724">
        </testcase>
        <testcase classname="src/core/client.test.ts" name="Gemini Client (client.ts) &gt; generateEmbedding &gt; should propagate errors from the API call" time="0.1439263">
        </testcase>
        <testcase classname="src/core/client.test.ts" name="Gemini Client (client.ts) &gt; generateContent &gt; should call generateContent with the correct parameters" time="0.0153399">
        </testcase>
        <testcase classname="src/core/client.test.ts" name="Gemini Client (client.ts) &gt; generateJson &gt; should call generateContent with the correct parameters" time="0.0134272">
        </testcase>
        <testcase classname="src/core/client.test.ts" name="Gemini Client (client.ts) &gt; generateJson &gt; should allow overriding model and config" time="0.0403783">
        </testcase>
        <testcase classname="src/core/client.test.ts" name="Gemini Client (client.ts) &gt; addHistory &gt; should call chat.addHistory with the provided content" time="0.0079418">
        </testcase>
        <testcase classname="src/core/client.test.ts" name="Gemini Client (client.ts) &gt; resetChat &gt; should create a new chat session, clearing the old history" time="0.0184918">
        </testcase>
        <testcase classname="src/core/client.test.ts" name="Gemini Client (client.ts) &gt; tryCompressChat &gt; should not trigger summarization if token count is below threshold" time="0.0348268">
        </testcase>
        <testcase classname="src/core/client.test.ts" name="Gemini Client (client.ts) &gt; tryCompressChat &gt; should trigger summarization if token count is at threshold" time="0.0118839">
        </testcase>
        <testcase classname="src/core/client.test.ts" name="Gemini Client (client.ts) &gt; tryCompressChat &gt; should not compress across a function call response" time="0.0096169">
        </testcase>
        <testcase classname="src/core/client.test.ts" name="Gemini Client (client.ts) &gt; tryCompressChat &gt; should always trigger summarization when force is true, regardless of token count" time="0.0195441">
        </testcase>
        <testcase classname="src/core/client.test.ts" name="Gemini Client (client.ts) &gt; sendMessageStream &gt; should include IDE context when ideModeFeature is enabled" time="0.0228664">
        </testcase>
        <testcase classname="src/core/client.test.ts" name="Gemini Client (client.ts) &gt; sendMessageStream &gt; should not add context if ideModeFeature is enabled but no open files" time="0.0093862">
        </testcase>
        <testcase classname="src/core/client.test.ts" name="Gemini Client (client.ts) &gt; sendMessageStream &gt; should add context if ideModeFeature is enabled and there is one active file" time="0.0088916">
        </testcase>
        <testcase classname="src/core/client.test.ts" name="Gemini Client (client.ts) &gt; sendMessageStream &gt; should add context if ideModeFeature is enabled and there are open files but no active file" time="0.0119979">
        </testcase>
        <testcase classname="src/core/client.test.ts" name="Gemini Client (client.ts) &gt; sendMessageStream &gt; should return the turn instance after the stream is complete" time="0.0171229">
        </testcase>
        <testcase classname="src/core/client.test.ts" name="Gemini Client (client.ts) &gt; sendMessageStream &gt; should stop infinite loop after MAX_TURNS when nextSpeaker always returns model" time="0.1208036">
            <system-out>
checkNextSpeaker called 100 times - infinite loop protection worked

            </system-out>
        </testcase>
        <testcase classname="src/core/client.test.ts" name="Gemini Client (client.ts) &gt; sendMessageStream &gt; should yield MaxSessionTurns and stop when session turn limit is reached" time="0.0164662">
        </testcase>
        <testcase classname="src/core/client.test.ts" name="Gemini Client (client.ts) &gt; sendMessageStream &gt; should respect MAX_TURNS limit even when turns parameter is set to a large value" time="0.1765159">
            <system-out>
Infinite loop protection working: checkNextSpeaker called 100 times, 1 events generated (properly bounded by MAX_TURNS)

            </system-out>
        </testcase>
        <testcase classname="src/core/client.test.ts" name="Gemini Client (client.ts) &gt; generateContent &gt; should use current model from config for content generation" time="0.0097374">
        </testcase>
        <testcase classname="src/core/client.test.ts" name="Gemini Client (client.ts) &gt; tryCompressChat &gt; should use current model from config for token counting after sendMessage" time="0.0100633">
        </testcase>
        <testcase classname="src/core/client.test.ts" name="Gemini Client (client.ts) &gt; handleFlashFallback &gt; should use current model from config when checking for fallback" time="0.0086162">
        </testcase>
    </testsuite>
    <testsuite name="src/core/contentGenerator.test.ts" timestamp="2025-07-31T16:52:10.327Z" hostname="Involvex" tests="7" failures="0" errors="0" skipped="0" time="0.0166311">
        <testcase classname="src/core/contentGenerator.test.ts" name="createContentGenerator &gt; should create a CodeAssistContentGenerator" time="0.00356">
        </testcase>
        <testcase classname="src/core/contentGenerator.test.ts" name="createContentGenerator &gt; should create a GoogleGenAI content generator" time="0.0033019">
        </testcase>
        <testcase classname="src/core/contentGenerator.test.ts" name="createContentGeneratorConfig &gt; should configure for Gemini using GEMINI_API_KEY when set" time="0.0026176">
        </testcase>
        <testcase classname="src/core/contentGenerator.test.ts" name="createContentGeneratorConfig &gt; should not configure for Gemini if GEMINI_API_KEY is empty" time="0.0014205">
        </testcase>
        <testcase classname="src/core/contentGenerator.test.ts" name="createContentGeneratorConfig &gt; should configure for Vertex AI using GOOGLE_API_KEY when set" time="0.001153">
        </testcase>
        <testcase classname="src/core/contentGenerator.test.ts" name="createContentGeneratorConfig &gt; should configure for Vertex AI using GCP project and location when set" time="0.0011134">
        </testcase>
        <testcase classname="src/core/contentGenerator.test.ts" name="createContentGeneratorConfig &gt; should not configure for Vertex AI if required env vars are empty" time="0.0009452">
        </testcase>
    </testsuite>
    <testsuite name="src/core/coreToolScheduler.test.ts" timestamp="2025-07-31T16:52:10.329Z" hostname="Involvex" tests="15" failures="0" errors="0" skipped="0" time="0.0318772">
        <testcase classname="src/core/coreToolScheduler.test.ts" name="CoreToolScheduler &gt; should cancel a tool call if the signal is aborted before confirmation" time="0.010609">
        </testcase>
        <testcase classname="src/core/coreToolScheduler.test.ts" name="CoreToolScheduler with payload &gt; should update args and diff and execute tool when payload is provided" time="0.0088062">
        </testcase>
        <testcase classname="src/core/coreToolScheduler.test.ts" name="convertToFunctionResponse &gt; should handle simple string llmContent" time="0.0004604">
        </testcase>
        <testcase classname="src/core/coreToolScheduler.test.ts" name="convertToFunctionResponse &gt; should handle llmContent as a single Part with text" time="0.0002954">
        </testcase>
        <testcase classname="src/core/coreToolScheduler.test.ts" name="convertToFunctionResponse &gt; should handle llmContent as a PartListUnion array with a single text Part" time="0.0002728">
        </testcase>
        <testcase classname="src/core/coreToolScheduler.test.ts" name="convertToFunctionResponse &gt; should handle llmContent with inlineData" time="0.0004537">
        </testcase>
        <testcase classname="src/core/coreToolScheduler.test.ts" name="convertToFunctionResponse &gt; should handle llmContent with fileData" time="0.0003116">
        </testcase>
        <testcase classname="src/core/coreToolScheduler.test.ts" name="convertToFunctionResponse &gt; should handle llmContent as an array of multiple Parts (text and inlineData)" time="0.0002465">
        </testcase>
        <testcase classname="src/core/coreToolScheduler.test.ts" name="convertToFunctionResponse &gt; should handle llmContent as an array with a single inlineData Part" time="0.0002638">
        </testcase>
        <testcase classname="src/core/coreToolScheduler.test.ts" name="convertToFunctionResponse &gt; should handle llmContent as a generic Part (not text, inlineData, or fileData)" time="0.0002975">
        </testcase>
        <testcase classname="src/core/coreToolScheduler.test.ts" name="convertToFunctionResponse &gt; should handle empty string llmContent" time="0.0002239">
        </testcase>
        <testcase classname="src/core/coreToolScheduler.test.ts" name="convertToFunctionResponse &gt; should handle llmContent as an empty array" time="0.0002158">
        </testcase>
        <testcase classname="src/core/coreToolScheduler.test.ts" name="convertToFunctionResponse &gt; should handle llmContent as a Part with undefined inlineData/fileData/text" time="0.0002125">
        </testcase>
        <testcase classname="src/core/coreToolScheduler.test.ts" name="CoreToolScheduler edit cancellation &gt; should preserve diff when an edit is cancelled" time="0.0025981">
        </testcase>
        <testcase classname="src/core/coreToolScheduler.test.ts" name="CoreToolScheduler YOLO mode &gt; should execute tool requiring confirmation directly without waiting" time="0.0040376">
        </testcase>
    </testsuite>
    <testsuite name="src/core/geminiChat.test.ts" timestamp="2025-07-31T16:52:10.331Z" hostname="Involvex" tests="21" failures="0" errors="0" skipped="0" time="0.0478239">
        <testcase classname="src/core/geminiChat.test.ts" name="GeminiChat &gt; sendMessage &gt; should call generateContent with the correct parameters" time="0.0165349">
        </testcase>
        <testcase classname="src/core/geminiChat.test.ts" name="GeminiChat &gt; sendMessageStream &gt; should call generateContentStream with the correct parameters" time="0.0045799">
        </testcase>
        <testcase classname="src/core/geminiChat.test.ts" name="GeminiChat &gt; recordHistory &gt; should add user input and a single model output to history" time="0.0009259">
        </testcase>
        <testcase classname="src/core/geminiChat.test.ts" name="GeminiChat &gt; recordHistory &gt; should consolidate adjacent model outputs" time="0.0008147">
        </testcase>
        <testcase classname="src/core/geminiChat.test.ts" name="GeminiChat &gt; recordHistory &gt; should handle a mix of user and model roles in outputContents (though unusual)" time="0.00074">
        </testcase>
        <testcase classname="src/core/geminiChat.test.ts" name="GeminiChat &gt; recordHistory &gt; should consolidate multiple adjacent model outputs correctly" time="0.000638">
        </testcase>
        <testcase classname="src/core/geminiChat.test.ts" name="GeminiChat &gt; recordHistory &gt; should not consolidate if roles are different between model outputs" time="0.0008019">
        </testcase>
        <testcase classname="src/core/geminiChat.test.ts" name="GeminiChat &gt; recordHistory &gt; should merge with last history entry if it is also a model output" time="0.0024318">
        </testcase>
        <testcase classname="src/core/geminiChat.test.ts" name="GeminiChat &gt; recordHistory &gt; should correctly merge consolidated new output with existing model history" time="0.001007">
        </testcase>
        <testcase classname="src/core/geminiChat.test.ts" name="GeminiChat &gt; recordHistory &gt; should handle empty modelOutput array" time="0.0009708">
        </testcase>
        <testcase classname="src/core/geminiChat.test.ts" name="GeminiChat &gt; recordHistory &gt; should handle aggregating modelOutput" time="0.0010589">
        </testcase>
        <testcase classname="src/core/geminiChat.test.ts" name="GeminiChat &gt; recordHistory &gt; should handle modelOutput with parts being undefined or empty (if they pass initial every check)" time="0.0008455">
        </testcase>
        <testcase classname="src/core/geminiChat.test.ts" name="GeminiChat &gt; recordHistory &gt; should correctly handle automaticFunctionCallingHistory" time="0.0012877">
        </testcase>
        <testcase classname="src/core/geminiChat.test.ts" name="GeminiChat &gt; recordHistory &gt; should add userInput if AFC history is present but empty" time="0.0009325">
        </testcase>
        <testcase classname="src/core/geminiChat.test.ts" name="GeminiChat &gt; recordHistory &gt; should skip &quot;thought&quot; content from modelOutput" time="0.0011598">
        </testcase>
        <testcase classname="src/core/geminiChat.test.ts" name="GeminiChat &gt; recordHistory &gt; should skip &quot;thought&quot; content even if it is the only content" time="0.0009815">
        </testcase>
        <testcase classname="src/core/geminiChat.test.ts" name="GeminiChat &gt; recordHistory &gt; should correctly consolidate text parts when a thought part is in between" time="0.000905">
        </testcase>
        <testcase classname="src/core/geminiChat.test.ts" name="GeminiChat &gt; recordHistory &gt; should handle multiple thought parts correctly" time="0.0016709">
        </testcase>
        <testcase classname="src/core/geminiChat.test.ts" name="GeminiChat &gt; recordHistory &gt; should handle thought part at the end of outputContents" time="0.0029744">
        </testcase>
        <testcase classname="src/core/geminiChat.test.ts" name="GeminiChat &gt; addHistory &gt; should add a new content item to the history" time="0.001305">
        </testcase>
        <testcase classname="src/core/geminiChat.test.ts" name="GeminiChat &gt; addHistory &gt; should add multiple items correctly" time="0.000969">
        </testcase>
    </testsuite>
    <testsuite name="src/core/logger.test.ts" timestamp="2025-07-31T16:52:10.336Z" hostname="Involvex" tests="32" failures="0" errors="0" skipped="0" time="0.8789513">
        <testcase classname="src/core/logger.test.ts" name="Logger &gt; initialize &gt; should create .gemini directory and an empty log file if none exist" time="0.0264633">
        </testcase>
        <testcase classname="src/core/logger.test.ts" name="Logger &gt; initialize &gt; should load existing logs and set correct messageId for the current session" time="0.0083767">
        </testcase>
        <testcase classname="src/core/logger.test.ts" name="Logger &gt; initialize &gt; should set messageId to 0 for a new session if log file exists but has no logs for current session" time="0.0072857">
        </testcase>
        <testcase classname="src/core/logger.test.ts" name="Logger &gt; initialize &gt; should be idempotent" time="0.0070037">
        </testcase>
        <testcase classname="src/core/logger.test.ts" name="Logger &gt; initialize &gt; should handle invalid JSON in log file by backing it up and starting fresh" time="0.0133941">
        </testcase>
        <testcase classname="src/core/logger.test.ts" name="Logger &gt; initialize &gt; should handle non-array JSON in log file by backing it up and starting fresh" time="0.0418694">
        </testcase>
        <testcase classname="src/core/logger.test.ts" name="Logger &gt; logMessage &gt; should append a message to the log file and update in-memory logs" time="0.0167807">
        </testcase>
        <testcase classname="src/core/logger.test.ts" name="Logger &gt; logMessage &gt; should correctly increment messageId for subsequent messages in the same session" time="0.0284579">
        </testcase>
        <testcase classname="src/core/logger.test.ts" name="Logger &gt; logMessage &gt; should handle logger not initialized" time="0.011629">
        </testcase>
        <testcase classname="src/core/logger.test.ts" name="Logger &gt; logMessage &gt; should simulate concurrent writes from different logger instances to the same file" time="0.0131683">
        </testcase>
        <testcase classname="src/core/logger.test.ts" name="Logger &gt; logMessage &gt; should not throw, not increment messageId, and log error if writing to file fails" time="0.0081051">
        </testcase>
        <testcase classname="src/core/logger.test.ts" name="Logger &gt; getPreviousUserMessages &gt; should retrieve all user messages from logs, sorted newest first" time="0.0314707">
        </testcase>
        <testcase classname="src/core/logger.test.ts" name="Logger &gt; getPreviousUserMessages &gt; should return empty array if no user messages exist" time="0.0140117">
        </testcase>
        <testcase classname="src/core/logger.test.ts" name="Logger &gt; getPreviousUserMessages &gt; should return empty array if logger not initialized" time="0.0090988">
        </testcase>
        <testcase classname="src/core/logger.test.ts" name="Logger &gt; saveCheckpoint &gt; should save a checkpoint" time="0.0134901">
        </testcase>
        <testcase classname="src/core/logger.test.ts" name="Logger &gt; saveCheckpoint &gt; should save a checkpoint" time="0.0146061">
        </testcase>
        <testcase classname="src/core/logger.test.ts" name="Logger &gt; saveCheckpoint &gt; should save a checkpoint" time="0.0079404">
        </testcase>
        <testcase classname="src/core/logger.test.ts" name="Logger &gt; saveCheckpoint &gt; should save a checkpoint" time="0.0060054">
        </testcase>
        <testcase classname="src/core/logger.test.ts" name="Logger &gt; saveCheckpoint &gt; should not throw if logger is not initialized" time="0.0178306">
        </testcase>
        <testcase classname="src/core/logger.test.ts" name="Logger &gt; loadCheckpoint &gt; should load from a checkpoint" time="0.0101201">
        </testcase>
        <testcase classname="src/core/logger.test.ts" name="Logger &gt; loadCheckpoint &gt; should load from a checkpoint" time="0.0121485">
        </testcase>
        <testcase classname="src/core/logger.test.ts" name="Logger &gt; loadCheckpoint &gt; should load from a checkpoint" time="0.0351655">
        </testcase>
        <testcase classname="src/core/logger.test.ts" name="Logger &gt; loadCheckpoint &gt; should load from a checkpoint" time="0.0175836">
        </testcase>
        <testcase classname="src/core/logger.test.ts" name="Logger &gt; loadCheckpoint &gt; should return an empty array if a tagged checkpoint file does not exist" time="0.0272799">
            <system-err>
Failed to read or parse checkpoint file C:\Users\lukas\.gemini\tmp\a6a0e6cbeb6222a79e32236629bdc5d54cce4ff813f3d23830611a2703d62943\checkpoint-nonexistent-tag.json: Error: ENOENT: no such file or directory, open &apos;C:\Users\lukas\.gemini\tmp\a6a0e6cbeb6222a79e32236629bdc5d54cce4ff813f3d23830611a2703d62943\checkpoint-nonexistent-tag.json&apos;
[90m    at open (node:internal/fs/promises:639:25)[39m
[90m    at Object.readFile (node:internal/fs/promises:1243:14)[39m
    at Logger.loadCheckpoint [90m(D:\repos\gemini-cli\packages\core\[39msrc\core\logger.ts:274:27[90m)[39m
    at [90mD:\repos\gemini-cli\packages\core\[39msrc\core\logger.test.ts:464:22
    at file:///D:/repos/gemini-cli/node_modules/[4m@vitest[24m/runner/dist/chunk-hooks.js:752:20 {
  errno: [33m-4058[39m,
  code: [32m&apos;ENOENT&apos;[39m,
  syscall: [32m&apos;open&apos;[39m,
  path: [32m&apos;C:\\Users\\lukas\\.gemini\\tmp\\a6a0e6cbeb6222a79e32236629bdc5d54cce4ff813f3d23830611a2703d62943\\checkpoint-nonexistent-tag.json&apos;[39m
}

            </system-err>
        </testcase>
        <testcase classname="src/core/logger.test.ts" name="Logger &gt; loadCheckpoint &gt; should return an empty array if the checkpoint file does not exist" time="0.0118696">
            <system-err>
Failed to read or parse checkpoint file C:\Users\lukas\.gemini\tmp\a6a0e6cbeb6222a79e32236629bdc5d54cce4ff813f3d23830611a2703d62943\checkpoint-missing.json: Error: ENOENT: no such file or directory, open &apos;C:\Users\lukas\.gemini\tmp\a6a0e6cbeb6222a79e32236629bdc5d54cce4ff813f3d23830611a2703d62943\checkpoint-missing.json&apos;
[90m    at open (node:internal/fs/promises:639:25)[39m
[90m    at Object.readFile (node:internal/fs/promises:1243:14)[39m
    at Logger.loadCheckpoint [90m(D:\repos\gemini-cli\packages\core\[39msrc\core\logger.ts:274:27[90m)[39m
    at [90mD:\repos\gemini-cli\packages\core\[39msrc\core\logger.test.ts:470:22
    at file:///D:/repos/gemini-cli/node_modules/[4m@vitest[24m/runner/dist/chunk-hooks.js:752:20 {
  errno: [33m-4058[39m,
  code: [32m&apos;ENOENT&apos;[39m,
  syscall: [32m&apos;open&apos;[39m,
  path: [32m&apos;C:\\Users\\lukas\\.gemini\\tmp\\a6a0e6cbeb6222a79e32236629bdc5d54cce4ff813f3d23830611a2703d62943\\checkpoint-missing.json&apos;[39m
}

            </system-err>
        </testcase>
        <testcase classname="src/core/logger.test.ts" name="Logger &gt; loadCheckpoint &gt; should return an empty array if the file contains invalid JSON" time="0.0160753">
        </testcase>
        <testcase classname="src/core/logger.test.ts" name="Logger &gt; loadCheckpoint &gt; should return an empty array if logger is not initialized" time="0.169104">
        </testcase>
        <testcase classname="src/core/logger.test.ts" name="Logger &gt; deleteCheckpoint &gt; should delete the specified checkpoint file and return true" time="0.1799393">
        </testcase>
        <testcase classname="src/core/logger.test.ts" name="Logger &gt; deleteCheckpoint &gt; should return false if the checkpoint file does not exist" time="0.0683199">
        </testcase>
        <testcase classname="src/core/logger.test.ts" name="Logger &gt; deleteCheckpoint &gt; should re-throw an error if file deletion fails for reasons other than not existing" time="0.0166747">
        </testcase>
        <testcase classname="src/core/logger.test.ts" name="Logger &gt; deleteCheckpoint &gt; should return false if logger is not initialized" time="0.0073366">
        </testcase>
        <testcase classname="src/core/logger.test.ts" name="Logger &gt; close &gt; should reset logger state" time="0.0055861">
        </testcase>
    </testsuite>
    <testsuite name="src/core/nonInteractiveToolExecutor.test.ts" timestamp="2025-07-31T16:52:10.342Z" hostname="Involvex" tests="5" failures="0" errors="0" skipped="0" time="0.018847">
        <testcase classname="src/core/nonInteractiveToolExecutor.test.ts" name="executeToolCall &gt; should execute a tool successfully" time="0.0097508">
        </testcase>
        <testcase classname="src/core/nonInteractiveToolExecutor.test.ts" name="executeToolCall &gt; should return an error if tool is not found" time="0.0021923">
        </testcase>
        <testcase classname="src/core/nonInteractiveToolExecutor.test.ts" name="executeToolCall &gt; should return an error if tool execution fails" time="0.001794">
        </testcase>
        <testcase classname="src/core/nonInteractiveToolExecutor.test.ts" name="executeToolCall &gt; should handle cancellation during tool execution" time="0.0019268">
        </testcase>
        <testcase classname="src/core/nonInteractiveToolExecutor.test.ts" name="executeToolCall &gt; should correctly format llmContent with inlineData" time="0.0013755">
        </testcase>
    </testsuite>
    <testsuite name="src/core/prompts.test.ts" timestamp="2025-07-31T16:52:10.343Z" hostname="Involvex" tests="23" failures="0" errors="0" skipped="0" time="0.0378774">
        <testcase classname="src/core/prompts.test.ts" name="Core System Prompt (prompts.ts) &gt; should return the base prompt when no userMemory is provided" time="0.0072272">
        </testcase>
        <testcase classname="src/core/prompts.test.ts" name="Core System Prompt (prompts.ts) &gt; should return the base prompt when userMemory is empty string" time="0.0013678">
        </testcase>
        <testcase classname="src/core/prompts.test.ts" name="Core System Prompt (prompts.ts) &gt; should return the base prompt when userMemory is whitespace only" time="0.0008181">
        </testcase>
        <testcase classname="src/core/prompts.test.ts" name="Core System Prompt (prompts.ts) &gt; should append userMemory with separator when provided" time="0.000809">
        </testcase>
        <testcase classname="src/core/prompts.test.ts" name="Core System Prompt (prompts.ts) &gt; should include sandbox-specific instructions when SANDBOX env var is set" time="0.0007883">
        </testcase>
        <testcase classname="src/core/prompts.test.ts" name="Core System Prompt (prompts.ts) &gt; should include seatbelt-specific instructions when SANDBOX env var is &quot;sandbox-exec&quot;" time="0.0009212">
        </testcase>
        <testcase classname="src/core/prompts.test.ts" name="Core System Prompt (prompts.ts) &gt; should include non-sandbox instructions when SANDBOX env var is not set" time="0.0022247">
        </testcase>
        <testcase classname="src/core/prompts.test.ts" name="Core System Prompt (prompts.ts) &gt; should include git instructions when in a git repo" time="0.0007132">
        </testcase>
        <testcase classname="src/core/prompts.test.ts" name="Core System Prompt (prompts.ts) &gt; should not include git instructions when not in a git repo" time="0.000631">
        </testcase>
        <testcase classname="src/core/prompts.test.ts" name="Core System Prompt (prompts.ts) &gt; GEMINI_SYSTEM_MD environment variable &gt; should use default prompt when GEMINI_SYSTEM_MD is &quot;false&quot;" time="0.0009584">
        </testcase>
        <testcase classname="src/core/prompts.test.ts" name="Core System Prompt (prompts.ts) &gt; GEMINI_SYSTEM_MD environment variable &gt; should use default prompt when GEMINI_SYSTEM_MD is &quot;0&quot;" time="0.0006308">
        </testcase>
        <testcase classname="src/core/prompts.test.ts" name="Core System Prompt (prompts.ts) &gt; GEMINI_SYSTEM_MD environment variable &gt; should throw error if GEMINI_SYSTEM_MD points to a non-existent file" time="0.0024432">
        </testcase>
        <testcase classname="src/core/prompts.test.ts" name="Core System Prompt (prompts.ts) &gt; GEMINI_SYSTEM_MD environment variable &gt; should read from default path when GEMINI_SYSTEM_MD is &quot;true&quot;" time="0.0059023">
        </testcase>
        <testcase classname="src/core/prompts.test.ts" name="Core System Prompt (prompts.ts) &gt; GEMINI_SYSTEM_MD environment variable &gt; should read from default path when GEMINI_SYSTEM_MD is &quot;1&quot;" time="0.0021643">
        </testcase>
        <testcase classname="src/core/prompts.test.ts" name="Core System Prompt (prompts.ts) &gt; GEMINI_SYSTEM_MD environment variable &gt; should read from custom path when GEMINI_SYSTEM_MD provides one, preserving case" time="0.0010633">
        </testcase>
        <testcase classname="src/core/prompts.test.ts" name="Core System Prompt (prompts.ts) &gt; GEMINI_SYSTEM_MD environment variable &gt; should expand tilde in custom path when GEMINI_SYSTEM_MD is set" time="0.0008674">
        </testcase>
        <testcase classname="src/core/prompts.test.ts" name="Core System Prompt (prompts.ts) &gt; GEMINI_WRITE_SYSTEM_MD environment variable &gt; should not write to file when GEMINI_WRITE_SYSTEM_MD is &quot;false&quot;" time="0.0005377">
        </testcase>
        <testcase classname="src/core/prompts.test.ts" name="Core System Prompt (prompts.ts) &gt; GEMINI_WRITE_SYSTEM_MD environment variable &gt; should not write to file when GEMINI_WRITE_SYSTEM_MD is &quot;0&quot;" time="0.0004464">
        </testcase>
        <testcase classname="src/core/prompts.test.ts" name="Core System Prompt (prompts.ts) &gt; GEMINI_WRITE_SYSTEM_MD environment variable &gt; should write to default path when GEMINI_WRITE_SYSTEM_MD is &quot;true&quot;" time="0.0017819">
        </testcase>
        <testcase classname="src/core/prompts.test.ts" name="Core System Prompt (prompts.ts) &gt; GEMINI_WRITE_SYSTEM_MD environment variable &gt; should write to default path when GEMINI_WRITE_SYSTEM_MD is &quot;1&quot;" time="0.0006533">
        </testcase>
        <testcase classname="src/core/prompts.test.ts" name="Core System Prompt (prompts.ts) &gt; GEMINI_WRITE_SYSTEM_MD environment variable &gt; should write to custom path when GEMINI_WRITE_SYSTEM_MD provides one" time="0.0005932">
        </testcase>
        <testcase classname="src/core/prompts.test.ts" name="Core System Prompt (prompts.ts) &gt; GEMINI_WRITE_SYSTEM_MD environment variable &gt; should expand tilde in custom path when GEMINI_WRITE_SYSTEM_MD is set" time="0.0007555">
        </testcase>
        <testcase classname="src/core/prompts.test.ts" name="Core System Prompt (prompts.ts) &gt; GEMINI_WRITE_SYSTEM_MD environment variable &gt; should expand tilde in custom path when GEMINI_WRITE_SYSTEM_MD is just ~" time="0.000707">
        </testcase>
    </testsuite>
    <testsuite name="src/core/turn.test.ts" timestamp="2025-07-31T16:52:10.348Z" hostname="Involvex" tests="12" failures="0" errors="0" skipped="0" time="0.0206136">
        <testcase classname="src/core/turn.test.ts" name="Turn &gt; constructor &gt; should initialize pendingToolCalls and debugResponses" time="0.0043496">
        </testcase>
        <testcase classname="src/core/turn.test.ts" name="Turn &gt; run &gt; should yield content events for text parts" time="0.0052498">
        </testcase>
        <testcase classname="src/core/turn.test.ts" name="Turn &gt; run &gt; should yield tool_call_request events for function calls" time="0.0019757">
        </testcase>
        <testcase classname="src/core/turn.test.ts" name="Turn &gt; run &gt; should yield UserCancelled event if signal is aborted" time="0.000874">
        </testcase>
        <testcase classname="src/core/turn.test.ts" name="Turn &gt; run &gt; should yield Error event and report if sendMessageStream throws" time="0.0014063">
        </testcase>
        <testcase classname="src/core/turn.test.ts" name="Turn &gt; run &gt; should handle function calls with undefined name or args" time="0.0010579">
        </testcase>
        <testcase classname="src/core/turn.test.ts" name="Turn &gt; run &gt; should yield finished event when response has finish reason" time="0.0004584">
        </testcase>
        <testcase classname="src/core/turn.test.ts" name="Turn &gt; run &gt; should yield finished event for MAX_TOKENS finish reason" time="0.0004294">
        </testcase>
        <testcase classname="src/core/turn.test.ts" name="Turn &gt; run &gt; should yield finished event for SAFETY finish reason" time="0.0003995">
        </testcase>
        <testcase classname="src/core/turn.test.ts" name="Turn &gt; run &gt; should not yield finished event when there is no finish reason" time="0.0003707">
        </testcase>
        <testcase classname="src/core/turn.test.ts" name="Turn &gt; run &gt; should handle multiple responses with different finish reasons" time="0.000399">
        </testcase>
        <testcase classname="src/core/turn.test.ts" name="Turn &gt; getDebugResponses &gt; should return collected debug responses" time="0.0003944">
        </testcase>
    </testsuite>
    <testsuite name="src/code_assist/converter.test.ts" timestamp="2025-07-31T16:52:10.350Z" hostname="Involvex" tests="11" failures="0" errors="0" skipped="0" time="0.0125113">
        <testcase classname="src/code_assist/converter.test.ts" name="converter &gt; toCodeAssistRequest &gt; should convert a simple request with project" time="0.0052119">
        </testcase>
        <testcase classname="src/code_assist/converter.test.ts" name="converter &gt; toCodeAssistRequest &gt; should convert a request without a project" time="0.0006881">
        </testcase>
        <testcase classname="src/code_assist/converter.test.ts" name="converter &gt; toCodeAssistRequest &gt; should convert a request with sessionId" time="0.000348">
        </testcase>
        <testcase classname="src/code_assist/converter.test.ts" name="converter &gt; toCodeAssistRequest &gt; should handle string content" time="0.0002821">
        </testcase>
        <testcase classname="src/code_assist/converter.test.ts" name="converter &gt; toCodeAssistRequest &gt; should handle Part[] content" time="0.0003804">
        </testcase>
        <testcase classname="src/code_assist/converter.test.ts" name="converter &gt; toCodeAssistRequest &gt; should handle system instructions" time="0.0002832">
        </testcase>
        <testcase classname="src/code_assist/converter.test.ts" name="converter &gt; toCodeAssistRequest &gt; should handle generation config" time="0.0002219">
        </testcase>
        <testcase classname="src/code_assist/converter.test.ts" name="converter &gt; toCodeAssistRequest &gt; should handle all generation config fields" time="0.00028">
        </testcase>
        <testcase classname="src/code_assist/converter.test.ts" name="converter &gt; fromCodeAssistResponse &gt; should convert a simple response" time="0.0004595">
        </testcase>
        <testcase classname="src/code_assist/converter.test.ts" name="converter &gt; fromCodeAssistResponse &gt; should handle prompt feedback and usage metadata" time="0.0002447">
        </testcase>
        <testcase classname="src/code_assist/converter.test.ts" name="converter &gt; fromCodeAssistResponse &gt; should handle automatic function calling history" time="0.0001994">
        </testcase>
    </testsuite>
    <testsuite name="src/code_assist/oauth2.test.ts" timestamp="2025-07-31T16:52:10.352Z" hostname="Involvex" tests="10" failures="0" errors="0" skipped="0" time="0.8643094">
        <testcase classname="src/code_assist/oauth2.test.ts" name="oauth2 &gt; should perform a web login" time="0.0248938">
            <system-out>


Code Assist login required.
Attempting to open authentication page in your browser.
Otherwise navigate to:

https://example.com/auth



Waiting for authentication...

            </system-out>
        </testcase>
        <testcase classname="src/code_assist/oauth2.test.ts" name="oauth2 &gt; should perform login with user code" time="0.0085251">
        </testcase>
        <testcase classname="src/code_assist/oauth2.test.ts" name="oauth2 &gt; in Cloud Shell &gt; should attempt to load cached credentials first" time="0.0134078">
            <system-out>
Loaded cached credentials.

            </system-out>
        </testcase>
        <testcase classname="src/code_assist/oauth2.test.ts" name="oauth2 &gt; in Cloud Shell &gt; should use Compute to get a client if no cached credentials exist" time="0.0050491">
            <system-out>
Attempting to authenticate via Cloud Shell VM&apos;s ADC.

Authentication successful.

            </system-out>
        </testcase>
        <testcase classname="src/code_assist/oauth2.test.ts" name="oauth2 &gt; in Cloud Shell &gt; should not cache the credentials after fetching them via ADC" time="0.0090709">
            <system-out>
Attempting to authenticate via Cloud Shell VM&apos;s ADC.

Authentication successful.

            </system-out>
        </testcase>
        <testcase classname="src/code_assist/oauth2.test.ts" name="oauth2 &gt; in Cloud Shell &gt; should return the Compute client on successful ADC authentication" time="0.0045522">
            <system-out>
Attempting to authenticate via Cloud Shell VM&apos;s ADC.

Authentication successful.

            </system-out>
        </testcase>
        <testcase classname="src/code_assist/oauth2.test.ts" name="oauth2 &gt; in Cloud Shell &gt; should throw an error if ADC fails" time="0.0068322">
            <system-out>
Attempting to authenticate via Cloud Shell VM&apos;s ADC.

            </system-out>
        </testcase>
        <testcase classname="src/code_assist/oauth2.test.ts" name="oauth2 &gt; with GCP environment variables &gt; should use GOOGLE_CLOUD_ACCESS_TOKEN when GOOGLE_GENAI_USE_GCA is true" time="0.0192181">
        </testcase>
        <testcase classname="src/code_assist/oauth2.test.ts" name="oauth2 &gt; with GCP environment variables &gt; should not use GCP token if GOOGLE_CLOUD_ACCESS_TOKEN is not set" time="0.330889">
            <system-out>
Loaded cached credentials.

            </system-out>
        </testcase>
        <testcase classname="src/code_assist/oauth2.test.ts" name="oauth2 &gt; with GCP environment variables &gt; should not use GCP token if GOOGLE_GENAI_USE_GCA is not set" time="0.4386698">
            <system-out>
Loaded cached credentials.

            </system-out>
        </testcase>
    </testsuite>
    <testsuite name="src/code_assist/server.test.ts" timestamp="2025-07-31T16:52:10.356Z" hostname="Involvex" tests="7" failures="0" errors="0" skipped="0" time="0.0317509">
        <testcase classname="src/code_assist/server.test.ts" name="CodeAssistServer &gt; should be able to be constructed" time="0.0055873">
        </testcase>
        <testcase classname="src/code_assist/server.test.ts" name="CodeAssistServer &gt; should call the generateContent endpoint" time="0.0077432">
        </testcase>
        <testcase classname="src/code_assist/server.test.ts" name="CodeAssistServer &gt; should call the generateContentStream endpoint" time="0.0030488">
        </testcase>
        <testcase classname="src/code_assist/server.test.ts" name="CodeAssistServer &gt; should call the onboardUser endpoint" time="0.00278">
        </testcase>
        <testcase classname="src/code_assist/server.test.ts" name="CodeAssistServer &gt; should call the loadCodeAssist endpoint" time="0.0026391">
        </testcase>
        <testcase classname="src/code_assist/server.test.ts" name="CodeAssistServer &gt; should return 0 for countTokens" time="0.002947">
        </testcase>
        <testcase classname="src/code_assist/server.test.ts" name="CodeAssistServer &gt; should throw an error for embedContent" time="0.0047383">
        </testcase>
    </testsuite>
    <testsuite name="src/code_assist/setup.test.ts" timestamp="2025-07-31T16:52:10.357Z" hostname="Involvex" tests="3" failures="0" errors="0" skipped="0" time="0.0122502">
        <testcase classname="src/code_assist/setup.test.ts" name="setupUser &gt; should use GOOGLE_CLOUD_PROJECT when set" time="0.0071367">
        </testcase>
        <testcase classname="src/code_assist/setup.test.ts" name="setupUser &gt; should treat empty GOOGLE_CLOUD_PROJECT as undefined and use project from server" time="0.0013823">
        </testcase>
        <testcase classname="src/code_assist/setup.test.ts" name="setupUser &gt; should throw ProjectIdRequiredError when no project ID is available" time="0.0017003">
        </testcase>
    </testsuite>
    <testsuite name="src/ide/ide-installer.test.ts" timestamp="2025-07-31T16:52:10.358Z" hostname="Involvex" tests="6" failures="0" errors="0" skipped="0" time="1.0810278">
        <testcase classname="src/ide/ide-installer.test.ts" name="ide-installer &gt; getIdeInstaller &gt; should return a VsCodeInstaller for &quot;vscode&quot;" time="0.0029799">
        </testcase>
        <testcase classname="src/ide/ide-installer.test.ts" name="ide-installer &gt; getIdeInstaller &gt; should return null for an unknown IDE" time="0.0002224">
        </testcase>
        <testcase classname="src/ide/ide-installer.test.ts" name="ide-installer &gt; VsCodeInstaller &gt; isInstalled &gt; should return true if command is in PATH" time="0.0023">
        </testcase>
        <testcase classname="src/ide/ide-installer.test.ts" name="ide-installer &gt; VsCodeInstaller &gt; isInstalled &gt; should return true if command is in a known location" time="0.4970638">
        </testcase>
        <testcase classname="src/ide/ide-installer.test.ts" name="ide-installer &gt; VsCodeInstaller &gt; isInstalled &gt; should return false if command is not found" time="0.2884461">
        </testcase>
        <testcase classname="src/ide/ide-installer.test.ts" name="ide-installer &gt; VsCodeInstaller &gt; install &gt; should return a failure message if VS Code is not installed" time="0.2877904">
        </testcase>
    </testsuite>
    <testsuite name="src/ide/ideContext.test.ts" timestamp="2025-07-31T16:52:10.359Z" hostname="Involvex" tests="16" failures="0" errors="0" skipped="0" time="0.0182315">
        <testcase classname="src/ide/ideContext.test.ts" name="ideContext &gt; createIdeContextStore &gt; should return undefined initially for ide context" time="0.0025132">
        </testcase>
        <testcase classname="src/ide/ideContext.test.ts" name="ideContext &gt; createIdeContextStore &gt; should set and retrieve the ide context" time="0.0012203">
        </testcase>
        <testcase classname="src/ide/ideContext.test.ts" name="ideContext &gt; createIdeContextStore &gt; should update the ide context when called multiple times" time="0.0002797">
        </testcase>
        <testcase classname="src/ide/ideContext.test.ts" name="ideContext &gt; createIdeContextStore &gt; should handle empty string for file path" time="0.0002246">
        </testcase>
        <testcase classname="src/ide/ideContext.test.ts" name="ideContext &gt; createIdeContextStore &gt; should notify subscribers when ide context changes" time="0.0049117">
        </testcase>
        <testcase classname="src/ide/ideContext.test.ts" name="ideContext &gt; createIdeContextStore &gt; should stop notifying a subscriber after unsubscribe" time="0.0005838">
        </testcase>
        <testcase classname="src/ide/ideContext.test.ts" name="ideContext &gt; createIdeContextStore &gt; should clear the ide context" time="0.000296">
        </testcase>
[...]
        </testcase>
        <testcase classname="src/utils/shell-utils.test.ts" name="getCommandRoots &gt; should handle a mix of operators" time="0.0006283">
        </testcase>
        <testcase classname="src/utils/shell-utils.test.ts" name="getCommandRoots &gt; should correctly parse a chained command with quotes" time="0.0001928">
        </testcase>
        <testcase classname="src/utils/shell-utils.test.ts" name="stripShellWrapper &gt; should strip sh -c with quotes" time="0.0002617">
        </testcase>
        <testcase classname="src/utils/shell-utils.test.ts" name="stripShellWrapper &gt; should strip bash -c with extra whitespace" time="0.0001852">
        </testcase>
        <testcase classname="src/utils/shell-utils.test.ts" name="stripShellWrapper &gt; should strip zsh -c without quotes" time="0.000142">
        </testcase>
        <testcase classname="src/utils/shell-utils.test.ts" name="stripShellWrapper &gt; should strip cmd.exe /c" time="0.0002201">
        </testcase>
        <testcase classname="src/utils/shell-utils.test.ts" name="stripShellWrapper &gt; should not strip anything if no wrapper is present" time="0.0001811">
        </testcase>
    </testsuite>
    <testsuite name="src/utils/summarizer.test.ts" timestamp="2025-07-31T16:52:10.526Z" hostname="Involvex" tests="8" failures="0" errors="0" skipped="0" time="0.0510888">
        <testcase classname="src/utils/summarizer.test.ts" name="summarizers &gt; summarizeToolOutput &gt; should return original text if it is shorter than maxLength" time="0.0091405">
        </testcase>
        <testcase classname="src/utils/summarizer.test.ts" name="summarizers &gt; summarizeToolOutput &gt; should return original text if it is empty" time="0.0042967">
        </testcase>
        <testcase classname="src/utils/summarizer.test.ts" name="summarizers &gt; summarizeToolOutput &gt; should call generateContent if text is longer than maxLength" time="0.0057142">
        </testcase>
        <testcase classname="src/utils/summarizer.test.ts" name="summarizers &gt; summarizeToolOutput &gt; should return original text if generateContent throws an error" time="0.0083793">
        </testcase>
        <testcase classname="src/utils/summarizer.test.ts" name="summarizers &gt; summarizeToolOutput &gt; should construct the correct prompt for summarization" time="0.0044767">
        </testcase>
        <testcase classname="src/utils/summarizer.test.ts" name="summarizers &gt; llmSummarizer &gt; should summarize tool output using summarizeToolOutput" time="0.0052245">
        </testcase>
        <testcase classname="src/utils/summarizer.test.ts" name="summarizers &gt; llmSummarizer &gt; should handle different llmContent types" time="0.0052555">
        </testcase>
        <testcase classname="src/utils/summarizer.test.ts" name="summarizers &gt; defaultSummarizer &gt; should stringify the llmContent" time="0.0060131">
        </testcase>
    </testsuite>
    <testsuite name="src/utils/systemEncoding.test.ts" timestamp="2025-07-31T16:52:10.528Z" hostname="Involvex" tests="38" failures="0" errors="0" skipped="0" time="0.0412893">
        <testcase classname="src/utils/systemEncoding.test.ts" name="Shell Command Processor - Encoding Functions &gt; windowsCodePageToEncoding &gt; should map common Windows code pages correctly" time="0.0067354">
        </testcase>
        <testcase classname="src/utils/systemEncoding.test.ts" name="Shell Command Processor - Encoding Functions &gt; windowsCodePageToEncoding &gt; should return null for unmapped code pages and warn" time="0.0038782">
        </testcase>
        <testcase classname="src/utils/systemEncoding.test.ts" name="Shell Command Processor - Encoding Functions &gt; windowsCodePageToEncoding &gt; should handle all Windows-specific code pages" time="0.0009618">
        </testcase>
        <testcase classname="src/utils/systemEncoding.test.ts" name="Shell Command Processor - Encoding Functions &gt; detectEncodingFromBuffer &gt; should detect encoding using chardet successfully" time="0.001999">
        </testcase>
        <testcase classname="src/utils/systemEncoding.test.ts" name="Shell Command Processor - Encoding Functions &gt; detectEncodingFromBuffer &gt; should handle chardet returning mixed case encoding" time="0.0004553">
        </testcase>
        <testcase classname="src/utils/systemEncoding.test.ts" name="Shell Command Processor - Encoding Functions &gt; detectEncodingFromBuffer &gt; should return null when chardet fails" time="0.0020373">
        </testcase>
        <testcase classname="src/utils/systemEncoding.test.ts" name="Shell Command Processor - Encoding Functions &gt; detectEncodingFromBuffer &gt; should return null when chardet returns null" time="0.0005779">
        </testcase>
        <testcase classname="src/utils/systemEncoding.test.ts" name="Shell Command Processor - Encoding Functions &gt; detectEncodingFromBuffer &gt; should return null when chardet returns non-string" time="0.0005684">
        </testcase>
        <testcase classname="src/utils/systemEncoding.test.ts" name="Shell Command Processor - Encoding Functions &gt; getSystemEncoding - Windows &gt; should parse Windows chcp output correctly" time="0.0011088">
        </testcase>
        <testcase classname="src/utils/systemEncoding.test.ts" name="Shell Command Processor - Encoding Functions &gt; getSystemEncoding - Windows &gt; should handle different chcp output formats" time="0.0003864">
        </testcase>
        <testcase classname="src/utils/systemEncoding.test.ts" name="Shell Command Processor - Encoding Functions &gt; getSystemEncoding - Windows &gt; should handle chcp output with extra whitespace" time="0.0002953">
        </testcase>
        <testcase classname="src/utils/systemEncoding.test.ts" name="Shell Command Processor - Encoding Functions &gt; getSystemEncoding - Windows &gt; should return null when chcp command fails" time="0.0008883">
        </testcase>
        <testcase classname="src/utils/systemEncoding.test.ts" name="Shell Command Processor - Encoding Functions &gt; getSystemEncoding - Windows &gt; should return null when chcp output cannot be parsed" time="0.0004478">
        </testcase>
        <testcase classname="src/utils/systemEncoding.test.ts" name="Shell Command Processor - Encoding Functions &gt; getSystemEncoding - Windows &gt; should return null when code page is not a number" time="0.0003918">
        </testcase>
        <testcase classname="src/utils/systemEncoding.test.ts" name="Shell Command Processor - Encoding Functions &gt; getSystemEncoding - Windows &gt; should return null when code page maps to null" time="0.0004397">
        </testcase>
        <testcase classname="src/utils/systemEncoding.test.ts" name="Shell Command Processor - Encoding Functions &gt; getSystemEncoding - Unix-like &gt; should parse locale from LC_ALL environment variable" time="0.0004711">
        </testcase>
        <testcase classname="src/utils/systemEncoding.test.ts" name="Shell Command Processor - Encoding Functions &gt; getSystemEncoding - Unix-like &gt; should parse locale from LC_CTYPE when LC_ALL is not set" time="0.0004226">
        </testcase>
        <testcase classname="src/utils/systemEncoding.test.ts" name="Shell Command Processor - Encoding Functions &gt; getSystemEncoding - Unix-like &gt; should parse locale from LANG when LC_ALL and LC_CTYPE are not set" time="0.0003322">
        </testcase>
        <testcase classname="src/utils/systemEncoding.test.ts" name="Shell Command Processor - Encoding Functions &gt; getSystemEncoding - Unix-like &gt; should handle locale charmap command when environment variables are empty" time="0.0007302">
        </testcase>
        <testcase classname="src/utils/systemEncoding.test.ts" name="Shell Command Processor - Encoding Functions &gt; getSystemEncoding - Unix-like &gt; should handle locale charmap with mixed case" time="0.0004903">
        </testcase>
        <testcase classname="src/utils/systemEncoding.test.ts" name="Shell Command Processor - Encoding Functions &gt; getSystemEncoding - Unix-like &gt; should return null when locale charmap fails" time="0.0004961">
        </testcase>
        <testcase classname="src/utils/systemEncoding.test.ts" name="Shell Command Processor - Encoding Functions &gt; getSystemEncoding - Unix-like &gt; should handle locale without encoding (no dot)" time="0.0004101">
        </testcase>
        <testcase classname="src/utils/systemEncoding.test.ts" name="Shell Command Processor - Encoding Functions &gt; getSystemEncoding - Unix-like &gt; should handle empty locale environment variables" time="0.0005481">
        </testcase>
        <testcase classname="src/utils/systemEncoding.test.ts" name="Shell Command Processor - Encoding Functions &gt; getSystemEncoding - Unix-like &gt; should return locale as-is when locale format has no dot" time="0.0003908">
        </testcase>
        <testcase classname="src/utils/systemEncoding.test.ts" name="Shell Command Processor - Encoding Functions &gt; getSystemEncoding - Unix-like &gt; should prioritize LC_ALL over other environment variables" time="0.0004341">
        </testcase>
        <testcase classname="src/utils/systemEncoding.test.ts" name="Shell Command Processor - Encoding Functions &gt; getSystemEncoding - Unix-like &gt; should prioritize LC_CTYPE over LANG" time="0.0003974">
        </testcase>
        <testcase classname="src/utils/systemEncoding.test.ts" name="Shell Command Processor - Encoding Functions &gt; getEncodingForBuffer &gt; should use cached system encoding on subsequent calls" time="0.0005831">
        </testcase>
        <testcase classname="src/utils/systemEncoding.test.ts" name="Shell Command Processor - Encoding Functions &gt; getEncodingForBuffer &gt; should fall back to buffer detection when system encoding fails" time="0.0007552">
        </testcase>
        <testcase classname="src/utils/systemEncoding.test.ts" name="Shell Command Processor - Encoding Functions &gt; getEncodingForBuffer &gt; should fall back to utf-8 when both system and buffer detection fail" time="0.0005164">
        </testcase>
        <testcase classname="src/utils/systemEncoding.test.ts" name="Shell Command Processor - Encoding Functions &gt; getEncodingForBuffer &gt; should not cache buffer detection results" time="0.0007094">
        </testcase>
        <testcase classname="src/utils/systemEncoding.test.ts" name="Shell Command Processor - Encoding Functions &gt; getEncodingForBuffer &gt; should handle Windows system encoding" time="0.0008488">
        </testcase>
        <testcase classname="src/utils/systemEncoding.test.ts" name="Shell Command Processor - Encoding Functions &gt; getEncodingForBuffer &gt; should cache null system encoding result" time="0.0025116">
        </testcase>
        <testcase classname="src/utils/systemEncoding.test.ts" name="Shell Command Processor - Encoding Functions &gt; Cross-platform behavior &gt; should work correctly on macOS" time="0.000597">
        </testcase>
        <testcase classname="src/utils/systemEncoding.test.ts" name="Shell Command Processor - Encoding Functions &gt; Cross-platform behavior &gt; should work correctly on other Unix-like systems" time="0.0005888">
        </testcase>
        <testcase classname="src/utils/systemEncoding.test.ts" name="Shell Command Processor - Encoding Functions &gt; Cross-platform behavior &gt; should handle unknown platforms as Unix-like" time="0.0004904">
        </testcase>
        <testcase classname="src/utils/systemEncoding.test.ts" name="Shell Command Processor - Encoding Functions &gt; Edge cases and error handling &gt; should handle empty buffer gracefully" time="0.0013033">
        </testcase>
        <testcase classname="src/utils/systemEncoding.test.ts" name="Shell Command Processor - Encoding Functions &gt; Edge cases and error handling &gt; should handle very large buffers" time="0.0014336">
        </testcase>
        <testcase classname="src/utils/systemEncoding.test.ts" name="Shell Command Processor - Encoding Functions &gt; Edge cases and error handling &gt; should handle Unicode content" time="0.0010402">
        </testcase>
    </testsuite>
    <testsuite name="src/utils/user_account.test.ts" timestamp="2025-07-31T16:52:10.536Z" hostname="Involvex" tests="16" failures="0" errors="0" skipped="0" time="0.1294518">
        <testcase classname="src/utils/user_account.test.ts" name="user_account &gt; cacheGoogleAccount &gt; should create directory and write initial account file" time="0.0124905">
        </testcase>
        <testcase classname="src/utils/user_account.test.ts" name="user_account &gt; cacheGoogleAccount &gt; should update active account and move previous to old" time="0.0102007">
        </testcase>
        <testcase classname="src/utils/user_account.test.ts" name="user_account &gt; cacheGoogleAccount &gt; should not add a duplicate to the old list" time="0.0211655">
        </testcase>
        <testcase classname="src/utils/user_account.test.ts" name="user_account &gt; cacheGoogleAccount &gt; should handle corrupted JSON by starting fresh" time="0.0127321">
        </testcase>
        <testcase classname="src/utils/user_account.test.ts" name="user_account &gt; getCachedGoogleAccount &gt; should return the active account if file exists and is valid" time="0.004125">
        </testcase>
        <testcase classname="src/utils/user_account.test.ts" name="user_account &gt; getCachedGoogleAccount &gt; should return null if file does not exist" time="0.0010709">
        </testcase>
        <testcase classname="src/utils/user_account.test.ts" name="user_account &gt; getCachedGoogleAccount &gt; should return null if file is empty" time="0.002671">
        </testcase>
        <testcase classname="src/utils/user_account.test.ts" name="user_account &gt; getCachedGoogleAccount &gt; should return null and log if file is corrupted" time="0.0141422">
        </testcase>
        <testcase classname="src/utils/user_account.test.ts" name="user_account &gt; clearCachedGoogleAccount &gt; should set active to null and move it to old" time="0.0143116">
        </testcase>
        <testcase classname="src/utils/user_account.test.ts" name="user_account &gt; clearCachedGoogleAccount &gt; should handle empty file gracefully" time="0.0163146">
        </testcase>
        <testcase classname="src/utils/user_account.test.ts" name="user_account &gt; getLifetimeGoogleAccounts &gt; should return 0 if the file does not exist" time="0.0010883">
        </testcase>
        <testcase classname="src/utils/user_account.test.ts" name="user_account &gt; getLifetimeGoogleAccounts &gt; should return 0 if the file is empty" time="0.0031427">
        </testcase>
        <testcase classname="src/utils/user_account.test.ts" name="user_account &gt; getLifetimeGoogleAccounts &gt; should return 0 if the file is corrupted" time="0.0037144">
        </testcase>
        <testcase classname="src/utils/user_account.test.ts" name="user_account &gt; getLifetimeGoogleAccounts &gt; should return 1 if there is only an active account" time="0.0028592">
        </testcase>
        <testcase classname="src/utils/user_account.test.ts" name="user_account &gt; getLifetimeGoogleAccounts &gt; should correctly count old accounts when active is null" time="0.0032758">
        </testcase>
        <testcase classname="src/utils/user_account.test.ts" name="user_account &gt; getLifetimeGoogleAccounts &gt; should correctly count both active and old accounts" time="0.0030067">
        </testcase>
    </testsuite>
    <testsuite name="src/utils/user_id.test.ts" timestamp="2025-07-31T16:52:10.540Z" hostname="Involvex" tests="1" failures="0" errors="0" skipped="0" time="0.0058226">
        <testcase classname="src/utils/user_id.test.ts" name="user_id &gt; getInstallationId &gt; should return a valid UUID format string" time="0.003867">
        </testcase>
    </testsuite>
    <testsuite name="src/utils/workspaceContext.test.ts" timestamp="2025-07-31T16:52:10.540Z" hostname="Involvex" tests="19" failures="0" errors="0" skipped="0" time="0.0243333">
        <testcase classname="src/utils/workspaceContext.test.ts" name="WorkspaceContext &gt; initialization &gt; should initialize with a single directory (cwd)" time="0.0061828">
        </testcase>
        <testcase classname="src/utils/workspaceContext.test.ts" name="WorkspaceContext &gt; initialization &gt; should validate and resolve directories to absolute paths" time="0.00177">
        </testcase>
        <testcase classname="src/utils/workspaceContext.test.ts" name="WorkspaceContext &gt; initialization &gt; should reject non-existent directories" time="0.0017741">
        </testcase>
        <testcase classname="src/utils/workspaceContext.test.ts" name="WorkspaceContext &gt; initialization &gt; should handle empty initialization" time="0.0007433">
        </testcase>
        <testcase classname="src/utils/workspaceContext.test.ts" name="WorkspaceContext &gt; adding directories &gt; should add valid directories" time="0.00088">
        </testcase>
        <testcase classname="src/utils/workspaceContext.test.ts" name="WorkspaceContext &gt; adding directories &gt; should resolve relative paths to absolute" time="0.0005401">
        </testcase>
        <testcase classname="src/utils/workspaceContext.test.ts" name="WorkspaceContext &gt; adding directories &gt; should reject non-existent directories" time="0.0007717">
        </testcase>
        <testcase classname="src/utils/workspaceContext.test.ts" name="WorkspaceContext &gt; adding directories &gt; should prevent duplicate directories" time="0.0004921">
        </testcase>
        <testcase classname="src/utils/workspaceContext.test.ts" name="WorkspaceContext &gt; adding directories &gt; should handle symbolic links correctly" time="0.0005234">
        </testcase>
        <testcase classname="src/utils/workspaceContext.test.ts" name="WorkspaceContext &gt; path validation &gt; should accept paths within workspace directories" time="0.0009157">
        </testcase>
        <testcase classname="src/utils/workspaceContext.test.ts" name="WorkspaceContext &gt; path validation &gt; should reject paths outside workspace" time="0.0005362">
        </testcase>
        <testcase classname="src/utils/workspaceContext.test.ts" name="WorkspaceContext &gt; path validation &gt; should resolve symbolic links before validation" time="0.0006684">
        </testcase>
        <testcase classname="src/utils/workspaceContext.test.ts" name="WorkspaceContext &gt; path validation &gt; should handle nested directories correctly" time="0.0007222">
        </testcase>
        <testcase classname="src/utils/workspaceContext.test.ts" name="WorkspaceContext &gt; path validation &gt; should handle edge cases (root, parent references)" time="0.0005675">
        </testcase>
        <testcase classname="src/utils/workspaceContext.test.ts" name="WorkspaceContext &gt; path validation &gt; should handle non-existent paths correctly" time="0.0005136">
        </testcase>
        <testcase classname="src/utils/workspaceContext.test.ts" name="WorkspaceContext &gt; getDirectories &gt; should return a copy of directories array" time="0.0018385">
        </testcase>
        <testcase classname="src/utils/workspaceContext.test.ts" name="WorkspaceContext &gt; symbolic link security &gt; should follow symlinks but validate resolved path" time="0.0006157">
        </testcase>
        <testcase classname="src/utils/workspaceContext.test.ts" name="WorkspaceContext &gt; symbolic link security &gt; should prevent sandbox escape via symlinks" time="0.0006968">
        </testcase>
        <testcase classname="src/utils/workspaceContext.test.ts" name="WorkspaceContext &gt; symbolic link security &gt; should handle circular symlinks" time="0.0004485">
        </testcase>
    </testsuite>
</testsuites>
